<?xml version="1.0" encoding="utf-8"?><testsuites name="pytest tests"><testsuite name="pytest" errors="0" failures="1" skipped="0" tests="29" time="7.056" timestamp="2026-05-10T19:08:34.639109+00:00" hostname="agent-env-97579090-236f-40d3-89da-e9b609a9ef3e"><testcase classname="tests.test_phase2bc_dispatch_orders.TestIntegrationsSettings" name="test_get_integrations" time="0.516" /><testcase classname="tests.test_phase2bc_dispatch_orders.TestIntegrationsSettings" name="test_update_integrations_persists" time="0.110" /><testcase classname="tests.test_phase2bc_dispatch_orders.TestQuoteDispatch" name="test_send_quote_graceful_without_creds" time="1.644" /><testcase classname="tests.test_phase2bc_dispatch_orders.TestQuoteDispatch" name="test_pdf_endpoint_returns_file" time="1.438" /><testcase classname="tests.test_phase2bc_dispatch_orders.TestQuoteDispatch" name="test_dispatch_log_and_no_id_leak" time="0.049" /><testcase classname="tests.test_phase2bc_dispatch_orders.TestWebhooks" name="test_email_open_pixel_returns_gif" time="0.114" /><testcase classname="tests.test_phase2bc_dispatch_orders.TestWebhooks" name="test_email_open_with_unknown_token_still_returns_pixel" time="0.110" /><testcase classname="tests.test_phase2bc_dispatch_orders.TestWebhooks" name="test_bizchat_webhook_requires_secret" time="0.121" /><testcase classname="tests.test_phase2bc_dispatch_orders.TestWebhooks" name="test_bizchat_webhook_wrong_secret" time="0.110" /><testcase classname="tests.test_phase2bc_dispatch_orders.TestWebhooks" name="test_bizchat_webhook_get_healthcheck" time="0.125" /><testcase classname="tests.test_phase2bc_dispatch_orders.TestWebhooks" name="test_bizchat_webhook_post_sample_payload" time="0.115" /><testcase classname="tests.test_phase2bc_dispatch_orders.TestOrders" name="test_approve_quote_first" time="0.052" /><testcase classname="tests.test_phase2bc_dispatch_orders.TestOrders" name="test_convert_to_order" time="0.050" /><testcase classname="tests.test_phase2bc_dispatch_orders.TestOrders" name="test_duplicate_convert_rejected" time="0.048" /><testcase classname="tests.test_phase2bc_dispatch_orders.TestOrders" name="test_list_orders" time="0.051" /><testcase classname="tests.test_phase2bc_dispatch_orders.TestOrders" name="test_list_orders_search_filter" time="0.050" /><testcase classname="tests.test_phase2bc_dispatch_orders.TestOrders" name="test_get_order_detail" time="0.049" /><testcase classname="tests.test_phase2bc_dispatch_orders.TestOrders" name="test_advance_stage_po_received" time="0.050" /><testcase classname="tests.test_phase2bc_dispatch_orders.TestOrders" name="test_advance_invalid_stage_rejected" time="0.049" /><testcase classname="tests.test_phase2bc_dispatch_orders.TestOrders" name="test_generate_proforma" time="1.374" /><testcase classname="tests.test_phase2bc_dispatch_orders.TestOrders" name="test_advance_through_production_stages" time="0.247"><failure message="AssertionError: Advance to dispatched failed: {&quot;detail&quot;:&quot;Cannot move to Dispatched — missing required document(s): Tax Invoice, E-way Bill. Please upload all required files first.&quot;}&#10;assert 400 == 200&#10; +  where 400 = &lt;Response [400]&gt;.status_code">tests/test_phase2bc_dispatch_orders.py:342: in test_advance_through_production_stages
    assert r.status_code == 200, f"Advance to {st} failed: {r.text}"
E   AssertionError: Advance to dispatched failed: {"detail":"Cannot move to Dispatched — missing required document(s): Tax Invoice, E-way Bill. Please upload all required files first."}
E   assert 400 == 200
E    +  where 400 = &lt;Response [400]&gt;.status_code</failure></testcase><testcase classname="tests.test_phase2bc_dispatch_orders.TestOrders" name="test_production_update_endpoint" time="0.052" /><testcase classname="tests.test_phase2bc_dispatch_orders.TestOrders" name="test_production_update_empty_rejected" time="0.139" /><testcase classname="tests.test_phase2bc_dispatch_orders.TestRegressionPhase1" name="test_materials_list" time="0.047" /><testcase classname="tests.test_phase2bc_dispatch_orders.TestRegressionPhase1" name="test_families_list" time="0.046" /><testcase classname="tests.test_phase2bc_dispatch_orders.TestRegressionPhase1" name="test_variants_list" time="0.063" /><testcase classname="tests.test_phase2bc_dispatch_orders.TestZCleanup" name="test_delete_order" time="0.047" /><testcase classname="tests.test_phase2bc_dispatch_orders.TestZCleanup" name="test_delete_quote" time="0.047" /><testcase classname="tests.test_phase2bc_dispatch_orders.TestZCleanup" name="test_delete_contact" time="0.048" /></testsuite></testsuites>