<?xml version="1.0" encoding="utf-8"?><testsuites name="pytest tests"><testsuite name="pytest" errors="0" failures="1" skipped="1" tests="101" time="22.797" timestamp="2026-05-11T11:01:30.282999+00:00" hostname="agent-env-97579090-236f-40d3-89da-e9b609a9ef3e"><testcase classname="backend.tests.test_phase2bc_dispatch_orders.TestIntegrationsSettings" name="test_get_integrations" time="0.456" /><testcase classname="backend.tests.test_phase2bc_dispatch_orders.TestIntegrationsSettings" name="test_update_integrations_persists" time="0.110" /><testcase classname="backend.tests.test_phase2bc_dispatch_orders.TestQuoteDispatch" name="test_send_quote_graceful_without_creds" time="1.581" /><testcase classname="backend.tests.test_phase2bc_dispatch_orders.TestQuoteDispatch" name="test_pdf_endpoint_returns_file" time="1.414" /><testcase classname="backend.tests.test_phase2bc_dispatch_orders.TestQuoteDispatch" name="test_dispatch_log_and_no_id_leak" time="0.053" /><testcase classname="backend.tests.test_phase2bc_dispatch_orders.TestWebhooks" name="test_email_open_pixel_returns_gif" time="0.258" /><testcase classname="backend.tests.test_phase2bc_dispatch_orders.TestWebhooks" name="test_email_open_with_unknown_token_still_returns_pixel" time="0.134" /><testcase classname="backend.tests.test_phase2bc_dispatch_orders.TestWebhooks" name="test_bizchat_webhook_requires_secret" time="0.114" /><testcase classname="backend.tests.test_phase2bc_dispatch_orders.TestWebhooks" name="test_bizchat_webhook_wrong_secret" time="0.105" /><testcase classname="backend.tests.test_phase2bc_dispatch_orders.TestWebhooks" name="test_bizchat_webhook_get_healthcheck" time="0.106" /><testcase classname="backend.tests.test_phase2bc_dispatch_orders.TestWebhooks" name="test_bizchat_webhook_post_sample_payload" time="0.111" /><testcase classname="backend.tests.test_phase2bc_dispatch_orders.TestOrders" name="test_approve_quote_first" time="0.060" /><testcase classname="backend.tests.test_phase2bc_dispatch_orders.TestOrders" name="test_convert_to_order" time="0.062" /><testcase classname="backend.tests.test_phase2bc_dispatch_orders.TestOrders" name="test_duplicate_convert_creates_another_order" time="0.055" /><testcase classname="backend.tests.test_phase2bc_dispatch_orders.TestOrders" name="test_convert_to_order_alias_works" time="0.051" /><testcase classname="backend.tests.test_phase2bc_dispatch_orders.TestOrders" name="test_list_orders" time="0.056" /><testcase classname="backend.tests.test_phase2bc_dispatch_orders.TestOrders" name="test_list_orders_search_filter" time="0.050" /><testcase classname="backend.tests.test_phase2bc_dispatch_orders.TestOrders" name="test_get_order_detail" time="0.052" /><testcase classname="backend.tests.test_phase2bc_dispatch_orders.TestOrders" name="test_advance_stage_po_received" time="0.056" /><testcase classname="backend.tests.test_phase2bc_dispatch_orders.TestOrders" name="test_advance_invalid_stage_rejected" time="0.048" /><testcase classname="backend.tests.test_phase2bc_dispatch_orders.TestOrders" name="test_generate_proforma" time="1.350" /><testcase classname="backend.tests.test_phase2bc_dispatch_orders.TestOrders" name="test_advance_through_production_stages" time="0.257"><failure message="AssertionError: Advance to dispatched failed: {&quot;detail&quot;:&quot;Cannot move to Dispatched — missing required document(s): Tax Invoice, E-way Bill. Please upload all required files first.&quot;}&#10;assert 400 == 200&#10; +  where 400 = &lt;Response [400]&gt;.status_code">backend/tests/test_phase2bc_dispatch_orders.py:366: in test_advance_through_production_stages
    assert r.status_code == 200, f"Advance to {st} failed: {r.text}"
E   AssertionError: Advance to dispatched failed: {"detail":"Cannot move to Dispatched — missing required document(s): Tax Invoice, E-way Bill. Please upload all required files first."}
E   assert 400 == 200
E    +  where 400 = &lt;Response [400]&gt;.status_code</failure></testcase><testcase classname="backend.tests.test_phase2bc_dispatch_orders.TestOrders" name="test_production_update_endpoint" time="0.050" /><testcase classname="backend.tests.test_phase2bc_dispatch_orders.TestOrders" name="test_production_update_empty_rejected" time="0.046" /><testcase classname="backend.tests.test_phase2bc_dispatch_orders.TestRegressionPhase1" name="test_materials_list" time="0.054" /><testcase classname="backend.tests.test_phase2bc_dispatch_orders.TestRegressionPhase1" name="test_families_list" time="0.050" /><testcase classname="backend.tests.test_phase2bc_dispatch_orders.TestRegressionPhase1" name="test_variants_list" time="0.058" /><testcase classname="backend.tests.test_phase2bc_dispatch_orders.TestZCleanup" name="test_delete_order" time="0.048" /><testcase classname="backend.tests.test_phase2bc_dispatch_orders.TestZCleanup" name="test_delete_quote" time="0.050" /><testcase classname="backend.tests.test_phase2bc_dispatch_orders.TestZCleanup" name="test_delete_contact" time="0.052" /><testcase classname="backend.tests.test_phase2d_customer_po_submit.TestADraftQuoteRejected" name="test_login_and_get_token" time="1.056" /><testcase classname="backend.tests.test_phase2d_customer_po_submit.TestADraftQuoteRejected" name="test_submit_po_against_draft_quote_400" time="1.116" /><testcase classname="backend.tests.test_phase2d_customer_po_submit.TestBPromoteQuoteToSent" name="test_send_quote" time="1.513" /><testcase classname="backend.tests.test_phase2d_customer_po_submit.TestCAuthAndValidation" name="test_invalid_token_401" time="0.123" /><testcase classname="backend.tests.test_phase2d_customer_po_submit.TestCAuthAndValidation" name="test_missing_token_422" time="0.402" /><testcase classname="backend.tests.test_phase2d_customer_po_submit.TestCAuthAndValidation" name="test_forged_token_403" time="0.111" /><testcase classname="backend.tests.test_phase2d_customer_po_submit.TestCAuthAndValidation" name="test_both_empty_400" time="0.329" /><testcase classname="backend.tests.test_phase2d_customer_po_submit.TestDInstructionsOnly" name="test_instructions_only_creates_order_in_pending_po" time="0.105" /><testcase classname="backend.tests.test_phase2d_customer_po_submit.TestDInstructionsOnly" name="test_admin_can_see_order_with_customer_po_flag" time="0.062" /><testcase classname="backend.tests.test_phase2d_customer_po_submit.TestEIdempotency" name="test_second_submit_attaches_to_same_order" time="0.117" /><testcase classname="backend.tests.test_phase2d_customer_po_submit.TestFPdfWithInstructions" name="test_pdf_file_uploaded_and_recorded" time="0.108" /><testcase classname="backend.tests.test_phase2d_customer_po_submit.TestFPdfWithInstructions" name="test_admin_sees_pdf_metadata" time="0.052" /><testcase classname="backend.tests.test_phase2d_customer_po_submit.TestGPublicSummary" name="test_my_quotes_carries_order_summary" time="0.107" /><testcase classname="backend.tests.test_phase2d_customer_po_submit.TestHIntegrationsExtraFields" name="test_put_persists_new_fields" time="0.159" /><testcase classname="backend.tests.test_phase2d_customer_po_submit.TestIGracefulNotification" name="test_submit_po_returns_admin_notified_false_no_500" time="0.109" /><testcase classname="backend.tests.test_phase2d_customer_po_submit.TestZCleanup" name="test_delete_order" time="0.052" /><testcase classname="backend.tests.test_phase2d_customer_po_submit.TestZCleanup" name="test_delete_quote" time="0.052" /><testcase classname="backend.tests.test_phase2d_customer_po_submit.TestZCleanup" name="test_delete_contacts" time="0.104" /><testcase classname="backend.tests.test_whatsapp_bot_flow" name="test_size_parser" time="0.001" /><testcase classname="backend.tests.test_whatsapp_bot_flow" name="test_parse_inbound_real_bizchat_list_reply" time="0.001" /><testcase classname="backend.tests.test_whatsapp_bot_flow" name="test_handoff_keyword_short_circuits" time="0.005" /><testcase classname="backend.tests.test_whatsapp_bot_flow" name="test_full_flow_to_proforma" time="1.853" /><testcase classname="backend.tests.test_whatsapp_bot_flow" name="test_dim_helpers_pick_distinguishing_keys_and_format" time="0.001" /><testcase classname="backend.tests.test_whatsapp_bot_flow" name="test_pick_family_sends_product_and_dimension_images" time="0.007" /><testcase classname="backend.tests.test_whatsapp_bot_flow" name="test_remove_from_cart_flow" time="0.008" /><testcase classname="backend.tests.test_phase2a_crm_quotations.TestContacts" name="test_create_contact" time="0.474" /><testcase classname="backend.tests.test_phase2a_crm_quotations.TestContacts" name="test_upsert_by_email" time="0.047" /><testcase classname="backend.tests.test_phase2a_crm_quotations.TestContacts" name="test_upsert_by_phone" time="0.045" /><testcase classname="backend.tests.test_phase2a_crm_quotations.TestContacts" name="test_search_q" time="0.046" /><testcase classname="backend.tests.test_phase2a_crm_quotations.TestContacts" name="test_search_q_email" time="0.106" /><testcase classname="backend.tests.test_phase2a_crm_quotations.TestContacts" name="test_filter_source" time="0.046" /><testcase classname="backend.tests.test_phase2a_crm_quotations.TestContacts" name="test_get_contact_by_id" time="0.046" /><testcase classname="backend.tests.test_phase2a_crm_quotations.TestContacts" name="test_get_contact_404" time="0.047" /><testcase classname="backend.tests.test_phase2a_crm_quotations.TestContacts" name="test_update_contact" time="0.097" /><testcase classname="backend.tests.test_phase2a_crm_quotations.TestContacts" name="test_employee_cannot_delete_contact" time="0.695" /><testcase classname="backend.tests.test_phase2a_crm_quotations.TestContacts" name="test_employee_can_create_contact" time="0.125" /><testcase classname="backend.tests.test_phase2a_crm_quotations.TestQuoteNumbering" name="test_next_number_preview_format" time="0.046" /><testcase classname="backend.tests.test_phase2a_crm_quotations.TestQuoteNumbering" name="test_create_quote_uses_preview_and_increments" time="0.198" /><testcase classname="backend.tests.test_phase2a_crm_quotations.TestQuoteNumbering" name="test_quote_number_increments_per_fy" time="0.046" /><testcase classname="backend.tests.test_phase2a_crm_quotations.TestQuotationsCRUD" name="test_list_quotations" time="0.052" /><testcase classname="backend.tests.test_phase2a_crm_quotations.TestQuotationsCRUD" name="test_list_filter_status" time="0.045" /><testcase classname="backend.tests.test_phase2a_crm_quotations.TestQuotationsCRUD" name="test_list_filter_contact" time="0.044" /><testcase classname="backend.tests.test_phase2a_crm_quotations.TestQuotationsCRUD" name="test_list_search_q" time="0.046" /><testcase classname="backend.tests.test_phase2a_crm_quotations.TestQuotationsCRUD" name="test_get_quote_by_id" time="0.048" /><testcase classname="backend.tests.test_phase2a_crm_quotations.TestQuotationsCRUD" name="test_get_quote_404" time="0.045" /><testcase classname="backend.tests.test_phase2a_crm_quotations.TestQuotationsCRUD" name="test_update_draft_recalculates" time="0.046" /><testcase classname="backend.tests.test_phase2a_crm_quotations.TestQuoteStatusFlow" name="test_change_status_sent_records_timestamp" time="0.048" /><testcase classname="backend.tests.test_phase2a_crm_quotations.TestQuoteStatusFlow" name="test_change_status_approved_records_timestamp" time="0.046" /><testcase classname="backend.tests.test_phase2a_crm_quotations.TestQuoteStatusFlow" name="test_update_approved_returns_400" time="0.045" /><testcase classname="backend.tests.test_phase2a_crm_quotations.TestQuoteStatusFlow" name="test_invalid_status_returns_400" time="0.053" /><testcase classname="backend.tests.test_phase2a_crm_quotations.TestQuoteStatusFlow" name="test_change_status_rejected_records_timestamp" time="0.049" /><testcase classname="backend.tests.test_phase2a_crm_quotations.TestQuoteStatusFlow" name="test_update_rejected_returns_400" time="0.045" /><testcase classname="backend.tests.test_phase2a_crm_quotations.TestQuoteRevise" name="test_revise_creates_v2" time="0.093" /><testcase classname="backend.tests.test_phase2a_crm_quotations.TestContactQuotations" name="test_contact_quotations_history" time="0.045" /><testcase classname="backend.tests.test_phase2a_crm_quotations.TestQuoteDashboard" name="test_dashboard_quote_stats" time="0.050" /><testcase classname="backend.tests.test_phase2a_crm_quotations.TestRoleEnforcement" name="test_employee_cannot_create_quote" time="0.104" /><testcase classname="backend.tests.test_phase2a_crm_quotations.TestRoleEnforcement" name="test_employee_cannot_delete_quote" time="0.103" /><testcase classname="backend.tests.test_phase2a_crm_quotations.TestZCleanup" name="test_admin_delete_quote" time="0.286" /><testcase classname="backend.tests.test_phase2a_crm_quotations.TestZCleanup" name="test_admin_delete_contact" time="0.093" /><testcase classname="backend.tests.test_phase2e_dual_channel_otp.TestADeliveryLabel" name="test_label_matrix" time="0.000" /><testcase classname="backend.tests.test_phase2e_dual_channel_otp.TestBBothDisabled" name="test_send_otp_disabled_returns_dev" time="0.538" /><testcase classname="backend.tests.test_phase2e_dual_channel_otp.TestBBothDisabled" name="test_verify_after_dev_send" time="0.200" /><testcase classname="backend.tests.test_phase2e_dual_channel_otp.TestCSmtpOnly" name="test_smtp_enabled_email_error_surfaces" time="0.579" /><testcase classname="backend.tests.test_phase2e_dual_channel_otp.TestDWhatsAppOnly" name="test_wa_enabled_no_template" time="0.146" /><testcase classname="backend.tests.test_phase2e_dual_channel_otp.TestDWhatsAppOnly" name="test_wa_enabled_with_template_bizchat_permissive" time="1.247" /><testcase classname="backend.tests.test_phase2e_dual_channel_otp.TestEBothEnabledMixed" name="test_both_enabled_wa_succeeds_smtp_fails" time="1.103" /><testcase classname="backend.tests.test_phase2e_dual_channel_otp.TestFLoginStart" name="test_known_contact_returns_email_hint" time="0.099" /><testcase classname="backend.tests.test_phase2e_dual_channel_otp.TestFLoginStart" name="test_unknown_phone_no_email_hint" time="0.100" /><testcase classname="backend.tests.test_phase2e_dual_channel_otp.TestFLoginStart" name="test_invalid_phone_400" time="0.049" /><testcase classname="backend.tests.test_phase2e_dual_channel_otp.TestGDevOtpGating" name="test_placeholder" time="0.000"><skipped type="pytest.skip" message="In-process TestClient + motor cross-loop issue; gating is validated end-to-end via TestD/TestE against the live BizChatAPI.">/app/backend/tests/test_phase2e_dual_channel_otp.py:309: In-process TestClient + motor cross-loop issue; gating is validated end-to-end via TestD/TestE against the live BizChatAPI.</skipped></testcase><testcase classname="backend.tests.test_phase2e_dual_channel_otp.TestZCleanup" name="test_restore_settings" time="0.051" /></testsuite></testsuites>