<?xml version="1.0" encoding="utf-8"?><testsuites name="pytest tests"><testsuite name="pytest" errors="0" failures="0" skipped="0" tests="13" time="20.029" timestamp="2026-07-22T13:23:42.125948+00:00" hostname="agent-env-c245f190-e375-431c-91c8-cc0f1fcb5d9e"><testcase classname="backend.tests.test_iteration14_auto_notify.TestResolvePresetTokens" name="test_line_context_substitutes_product_and_qty" time="0.315" /><testcase classname="backend.tests.test_iteration14_auto_notify.TestResolvePresetTokens" name="test_shipment_context_aggregates_product_codes" time="0.000" /><testcase classname="backend.tests.test_iteration14_auto_notify.TestResolvePresetTokens" name="test_no_context_falls_back_to_first_line" time="0.000" /><testcase classname="backend.tests.test_iteration14_auto_notify.TestResolvePresetTokens" name="test_missing_tokens_fallback_dash" time="0.001" /><testcase classname="backend.tests.test_iteration14_auto_notify.TestResolvePresetTokens" name="test_unknown_preset_returns_empty" time="0.000" /><testcase classname="backend.tests.test_iteration14_auto_notify.TestLineStatusAutoNotify" name="test_in_production_appends_auto_entry" time="2.889" /><testcase classname="backend.tests.test_iteration14_auto_notify.TestLineStatusAutoNotify" name="test_ready_appends_auto_entry" time="2.166" /><testcase classname="backend.tests.test_iteration14_auto_notify.TestLineStatusAutoNotify" name="test_idempotent_same_status_no_new_entry" time="3.375" /><testcase classname="backend.tests.test_iteration14_auto_notify.TestLineEtaAutoNotify" name="test_eta_change_fires_schedule_revision" time="3.104" /><testcase classname="backend.tests.test_iteration14_auto_notify.TestShipmentAutoNotify" name="test_dispatch_fires_shipment_dispatched" time="2.819" /><testcase classname="backend.tests.test_iteration14_auto_notify.TestShipmentAutoNotify" name="test_deliver_fires_shipment_delivered" time="2.334" /><testcase classname="backend.tests.test_iteration14_auto_notify.TestManualNotifyRegression" name="test_manual_notify_still_pushes_universal_update_kind" time="1.882" /><testcase classname="backend.tests.test_iteration14_auto_notify.TestBestEffortNeverRaises" name="test_patch_returns_200_and_persists" time="1.012" /></testsuite></testsuites>