<?xml version="1.0" encoding="utf-8"?><testsuites name="pytest tests"><testsuite name="pytest" errors="0" failures="0" skipped="0" tests="19" time="3.123" timestamp="2026-05-10T19:10:23.957333+00:00" hostname="agent-env-97579090-236f-40d3-89da-e9b609a9ef3e"><testcase classname="tests.test_orders_router_refactor" name="test_orders_list_route_mounted" time="0.506" /><testcase classname="tests.test_orders_router_refactor" name="test_orders_list_filter_by_stage" time="0.105" /><testcase classname="tests.test_orders_router_refactor" name="test_orders_list_search_q" time="0.114" /><testcase classname="tests.test_orders_router_refactor" name="test_orders_list_unauthenticated_rejected" time="0.106" /><testcase classname="tests.test_orders_router_refactor" name="test_orders_get_404" time="0.114" /><testcase classname="tests.test_orders_router_refactor" name="test_advance_unknown_stage_rejected" time="0.263" /><testcase classname="tests.test_orders_router_refactor" name="test_expected_completion_bad_date_format" time="0.227" /><testcase classname="tests.test_orders_router_refactor" name="test_raw_material_status_invalid_rejected" time="0.219" /><testcase classname="tests.test_orders_router_refactor" name="test_production_update_empty_note_rejected" time="0.216" /><testcase classname="tests.test_orders_router_refactor" name="test_refire_notification_404_for_unknown_order" time="0.113" /><testcase classname="tests.test_orders_router_refactor" name="test_from_quote_unknown_quote" time="0.146" /><testcase classname="tests.test_orders_router_refactor" name="test_delete_order_404" time="0.105" /><testcase classname="tests.test_orders_router_refactor" name="test_orders_list_no_mongo_id_leak" time="0.139" /><testcase classname="tests.test_orders_router_refactor" name="test_sibling_routers_still_mounted[/api/materials]" time="0.101" /><testcase classname="tests.test_orders_router_refactor" name="test_sibling_routers_still_mounted[/api/categories]" time="0.123" /><testcase classname="tests.test_orders_router_refactor" name="test_sibling_routers_still_mounted[/api/dashboard/stats]" time="0.115" /><testcase classname="tests.test_orders_router_refactor" name="test_sibling_routers_still_mounted[/api/families]" time="0.098" /><testcase classname="tests.test_orders_router_refactor" name="test_sibling_routers_still_mounted[/api/contacts]" time="0.126" /><testcase classname="tests.test_orders_router_refactor" name="test_sibling_routers_still_mounted[/api/quotations]" time="0.111" /></testsuite></testsuites>