<?xml version="1.0" encoding="utf-8"?><testsuites name="pytest tests"><testsuite name="pytest" errors="0" failures="0" skipped="0" tests="21" time="7.497" timestamp="2026-07-24T07:36:42.010950+00:00" hostname="agent-env-c245f190-e375-431c-91c8-cc0f1fcb5d9e"><testcase classname="backend.tests.test_iteration21_team_audit" name="test_auth_me_shape" time="0.583" /><testcase classname="backend.tests.test_iteration21_team_audit.TestTeamCRUD" name="test_list_users" time="0.108" /><testcase classname="backend.tests.test_iteration21_team_audit.TestTeamCRUD" name="test_create_employee" time="0.336" /><testcase classname="backend.tests.test_iteration21_team_audit.TestTeamCRUD" name="test_duplicate_email_conflict" time="0.129" /><testcase classname="backend.tests.test_iteration21_team_audit.TestTeamCRUD" name="test_invalid_role_rejected" time="0.133" /><testcase classname="backend.tests.test_iteration21_team_audit.TestTeamCRUD" name="test_invalid_tab_key_rejected" time="0.095" /><testcase classname="backend.tests.test_iteration21_team_audit.TestTeamCRUD" name="test_patch_permission_field" time="0.100" /><testcase classname="backend.tests.test_iteration21_team_audit.TestTeamCRUD" name="test_reset_password_and_login" time="0.653" /><testcase classname="backend.tests.test_iteration21_team_audit.TestTeamCRUD" name="test_deactivate_then_activate" time="0.296" /><testcase classname="backend.tests.test_iteration21_team_audit.TestLastAdminGuard" name="test_self_deactivate_blocked" time="0.199" /><testcase classname="backend.tests.test_iteration21_team_audit.TestLastAdminGuard" name="test_last_admin_demote_blocked" time="1.159" /><testcase classname="backend.tests.test_iteration21_team_audit.TestNonAdminGuards" name="test_emp_get_users_forbidden" time="0.549" /><testcase classname="backend.tests.test_iteration21_team_audit.TestNonAdminGuards" name="test_emp_post_user_forbidden" time="0.101" /><testcase classname="backend.tests.test_iteration21_team_audit.TestNonAdminGuards" name="test_emp_patch_user_forbidden" time="0.097" /><testcase classname="backend.tests.test_iteration21_team_audit.TestNonAdminGuards" name="test_emp_audit_logs_forbidden" time="0.098" /><testcase classname="backend.tests.test_iteration21_team_audit.TestAuditMiddleware" name="test_writes_captured_newest_first" time="0.726" /><testcase classname="backend.tests.test_iteration21_team_audit.TestAuditMiddleware" name="test_get_not_captured" time="0.493" /><testcase classname="backend.tests.test_iteration21_team_audit.TestAuditMiddleware" name="test_auth_paths_skipped" time="0.729" /><testcase classname="backend.tests.test_iteration21_team_audit.TestAuditMiddleware" name="test_filters_work" time="0.104" /><testcase classname="backend.tests.test_iteration21_team_audit.TestAuditMiddleware" name="test_summary" time="0.097" /><testcase classname="backend.tests.test_iteration21_team_audit.TestAuditMiddleware" name="test_no_measurable_latency" time="0.605" /></testsuite></testsuites>