<?xml version="1.0" encoding="utf-8"?><testsuites name="pytest tests"><testsuite name="pytest" errors="0" failures="0" skipped="0" tests="51" time="30.517" timestamp="2026-06-23T13:59:16.311019+00:00" hostname="agent-env-c245f190-e375-431c-91c8-cc0f1fcb5d9e"><testcase classname="backend.tests.test_iteration9_phase123.TestAuth" name="test_login_ok" time="0.371" /><testcase classname="backend.tests.test_iteration9_phase123.TestAuth" name="test_login_bad" time="0.353" /><testcase classname="backend.tests.test_iteration9_phase123.TestAuth" name="test_me_requires_token" time="0.121" /><testcase classname="backend.tests.test_iteration9_phase123.TestAuth" name="test_change_password_rejects_wrong_current" time="0.351" /><testcase classname="backend.tests.test_iteration9_phase123.TestAuth" name="test_change_password_rejects_short" time="0.103" /><testcase classname="backend.tests.test_iteration9_phase123.TestAuth" name="test_change_password_rejects_same" time="0.330" /><testcase classname="backend.tests.test_iteration9_phase123.TestDashboard" name="test_stats" time="0.123" /><testcase classname="backend.tests.test_iteration9_phase123.TestDashboard" name="test_hot_leads" time="0.129" /><testcase classname="backend.tests.test_iteration9_phase123.TestDashboard" name="test_priceless_count" time="0.120" /><testcase classname="backend.tests.test_iteration9_phase123.TestDashboard" name="test_seed_demo_idempotent_and_cleanup" time="1.085" /><testcase classname="backend.tests.test_iteration9_phase123.TestSettings" name="test_get_put_integrations" time="0.246" /><testcase classname="backend.tests.test_iteration9_phase123.TestPricing" name="test_toggle_priceless_endpoint" time="0.192" /><testcase classname="backend.tests.test_iteration9_phase123.TestPricing" name="test_sync_family_active" time="0.225" /><testcase classname="backend.tests.test_iteration9_phase123.TestPricing" name="test_upload_excel_two_col_format" time="0.383" /><testcase classname="backend.tests.test_iteration9_phase123.TestPublicGates" name="test_my_quotes_requires_token" time="0.242" /><testcase classname="backend.tests.test_iteration9_phase123.TestPublicGates" name="test_me_requires_token" time="0.211" /><testcase classname="backend.tests.test_iteration9_phase123.TestPublicGates" name="test_me_quote_create_requires_token" time="0.226" /><testcase classname="backend.tests.test_iteration9_phase123.TestGSTLogic" name="test_gujarat_intra_state_cgst_sgst" time="1.131" /><testcase classname="backend.tests.test_iteration9_phase123.TestPhase1LineTracking" name="test_patch_qty_status_ok" time="0.836" /><testcase classname="backend.tests.test_iteration9_phase123.TestPhase1LineTracking" name="test_patch_bad_status" time="0.156" /><testcase classname="backend.tests.test_iteration9_phase123.TestPhase1LineTracking" name="test_patch_bad_date" time="0.143" /><testcase classname="backend.tests.test_iteration9_phase123.TestPhase1LineTracking" name="test_patch_oob_index" time="0.379" /><testcase classname="backend.tests.test_iteration9_phase123.TestPhase2UniversalNotify" name="test_presets_list" time="0.130" /><testcase classname="backend.tests.test_iteration9_phase123.TestPhase2UniversalNotify" name="test_notify_endpoint_structure" time="1.966" /><testcase classname="backend.tests.test_iteration9_phase123.TestPhase3Shipments" name="test_create_shipment" time="0.816" /><testcase classname="backend.tests.test_iteration9_phase123.TestPhase3Shipments" name="test_duplicate_line_400" time="0.112" /><testcase classname="backend.tests.test_iteration9_phase123.TestPhase3Shipments" name="test_dispatch_without_docs_400" time="0.109" /><testcase classname="backend.tests.test_iteration9_phase123.TestPhase3Shipments" name="test_upload_tax_invoice_flips_invoiced" time="0.106" /><testcase classname="backend.tests.test_iteration9_phase123.TestPhase3Shipments" name="test_upload_eway_and_dispatch_flips_shipped" time="0.218" /><testcase classname="backend.tests.test_iteration9_phase123.TestPhase3Shipments" name="test_delete_dispatched_400" time="0.112" /><testcase classname="backend.tests.test_iteration9_phase123.TestPhase3Shipments" name="test_deliver_flips_delivered" time="0.368" /><testcase classname="backend.tests.test_iteration9_phase123.TestSecurity" name="test_orders_requires_admin_token" time="0.120" /><testcase classname="backend.tests.test_iteration9_phase123.TestSecurity" name="test_uploads_no_directory_listing" time="0.114" /><testcase classname="backend.tests.test_iteration10_testmode_outbound" name="test_settings_integrations_exposes_test_mode" time="15.465" /><testcase classname="backend.tests.test_iteration10_testmode_outbound" name="test_redirect_phone_overrides_when_env_set" time="0.355" /><testcase classname="backend.tests.test_iteration10_testmode_outbound" name="test_redirect_phone_noop_when_env_unset" time="0.000" /><testcase classname="backend.tests.test_iteration10_testmode_outbound" name="test_redirect_email_noop_when_env_unset" time="0.000" /><testcase classname="backend.tests.test_iteration10_testmode_outbound" name="test_redirect_email_overrides_when_env_set" time="0.000" /><testcase classname="backend.tests.test_iteration10_testmode_outbound" name="test_send_whatsapp_template_redirects_to_test_phone" time="0.001" /><testcase classname="backend.tests.test_iteration10_testmode_outbound" name="test_send_whatsapp_text_redirects_to_test_phone" time="0.000" /><testcase classname="backend.tests.test_iteration10_testmode_outbound" name="test_send_whatsapp_document_redirects_to_test_phone" time="0.000" /><testcase classname="backend.tests.test_iteration10_testmode_outbound" name="test_bizchat_post_redirects_payload_phone" time="0.001" /><testcase classname="backend.tests.test_iteration11_password_length" name="test_login_200char_password_returns_422" time="0.003" /><testcase classname="backend.tests.test_iteration11_password_length" name="test_login_128char_password_returns_401" time="0.224" /><testcase classname="backend.tests.test_iteration11_password_length" name="test_login_empty_password_returns_422" time="0.002" /><testcase classname="backend.tests.test_iteration11_password_length" name="test_login_correct_admin_credentials_returns_200" time="0.225" /><testcase classname="backend.tests.test_iteration11_password_length" name="test_long_password_does_not_crash_backend" time="0.231" /><testcase classname="backend.tests.test_iteration11_password_length" name="test_supervisor_backend_running" time="0.326" /><testcase classname="backend.tests.test_iteration11_password_length" name="test_change_password_200char_new_returns_422" time="0.003" /><testcase classname="backend.tests.test_iteration11_password_length" name="test_change_password_5char_new_returns_422" time="0.002" /><testcase classname="backend.tests.test_iteration11_password_length" name="test_change_password_rotate_and_rotate_back" time="1.857" /></testsuite></testsuites>