<?xml version="1.0" encoding="utf-8"?><testsuites name="pytest tests"><testsuite name="pytest" errors="0" failures="0" skipped="6" tests="111" time="96.699" timestamp="2026-07-22T15:01:43.335696+00:00" hostname="agent-env-c245f190-e375-431c-91c8-cc0f1fcb5d9e"><testcase classname="backend.tests.test_iteration9_phase123.TestAuth" name="test_login_ok" time="0.416" /><testcase classname="backend.tests.test_iteration9_phase123.TestAuth" name="test_login_bad" time="0.330" /><testcase classname="backend.tests.test_iteration9_phase123.TestAuth" name="test_me_requires_token" time="0.132" /><testcase classname="backend.tests.test_iteration9_phase123.TestAuth" name="test_change_password_rejects_wrong_current" time="0.425" /><testcase classname="backend.tests.test_iteration9_phase123.TestAuth" name="test_change_password_rejects_short" time="0.131" /><testcase classname="backend.tests.test_iteration9_phase123.TestAuth" name="test_change_password_rejects_same" time="0.363" /><testcase classname="backend.tests.test_iteration9_phase123.TestDashboard" name="test_stats" time="0.139" /><testcase classname="backend.tests.test_iteration9_phase123.TestDashboard" name="test_hot_leads" time="0.114" /><testcase classname="backend.tests.test_iteration9_phase123.TestDashboard" name="test_priceless_count" time="0.145" /><testcase classname="backend.tests.test_iteration9_phase123.TestDashboard" name="test_seed_demo_idempotent_and_cleanup" time="1.155" /><testcase classname="backend.tests.test_iteration9_phase123.TestSettings" name="test_get_put_integrations" time="0.275" /><testcase classname="backend.tests.test_iteration9_phase123.TestPricing" name="test_toggle_priceless_endpoint" time="0.134" /><testcase classname="backend.tests.test_iteration9_phase123.TestPricing" name="test_sync_family_active" time="0.170" /><testcase classname="backend.tests.test_iteration9_phase123.TestPricing" name="test_upload_excel_two_col_format" time="0.293" /><testcase classname="backend.tests.test_iteration9_phase123.TestPublicGates" name="test_my_quotes_requires_token" time="0.223" /><testcase classname="backend.tests.test_iteration9_phase123.TestPublicGates" name="test_me_requires_token" time="0.324" /><testcase classname="backend.tests.test_iteration9_phase123.TestPublicGates" name="test_me_quote_create_requires_token" time="0.243" /><testcase classname="backend.tests.test_iteration9_phase123.TestGSTLogic" name="test_gujarat_intra_state_cgst_sgst" time="1.266" /><testcase classname="backend.tests.test_iteration9_phase123.TestPhase1LineTracking" name="test_patch_qty_status_ok" time="1.541" /><testcase classname="backend.tests.test_iteration9_phase123.TestPhase1LineTracking" name="test_patch_bad_status" time="0.131" /><testcase classname="backend.tests.test_iteration9_phase123.TestPhase1LineTracking" name="test_patch_bad_date" time="0.110" /><testcase classname="backend.tests.test_iteration9_phase123.TestPhase1LineTracking" name="test_patch_oob_index" time="0.383" /><testcase classname="backend.tests.test_iteration9_phase123.TestPhase2UniversalNotify" name="test_presets_list" time="0.115" /><testcase classname="backend.tests.test_iteration9_phase123.TestPhase2UniversalNotify" name="test_notify_endpoint_structure" time="1.847" /><testcase classname="backend.tests.test_iteration9_phase123.TestPhase3Shipments" name="test_create_shipment" time="0.852" /><testcase classname="backend.tests.test_iteration9_phase123.TestPhase3Shipments" name="test_duplicate_line_400" time="0.126" /><testcase classname="backend.tests.test_iteration9_phase123.TestPhase3Shipments" name="test_dispatch_without_docs_400" time="0.132" /><testcase classname="backend.tests.test_iteration9_phase123.TestPhase3Shipments" name="test_upload_tax_invoice_flips_invoiced" time="0.144" /><testcase classname="backend.tests.test_iteration9_phase123.TestPhase3Shipments" name="test_upload_eway_and_dispatch_flips_shipped" time="0.799" /><testcase classname="backend.tests.test_iteration9_phase123.TestPhase3Shipments" name="test_delete_dispatched_400" time="0.121" /><testcase classname="backend.tests.test_iteration9_phase123.TestPhase3Shipments" name="test_deliver_flips_delivered" time="1.003" /><testcase classname="backend.tests.test_iteration9_phase123.TestSecurity" name="test_orders_requires_admin_token" time="0.111" /><testcase classname="backend.tests.test_iteration9_phase123.TestSecurity" name="test_uploads_no_directory_listing" time="0.126" /><testcase classname="backend.tests.test_iteration10_testmode_outbound" name="test_settings_integrations_exposes_test_mode" time="0.467" /><testcase classname="backend.tests.test_iteration10_testmode_outbound" name="test_redirect_phone_overrides_when_env_set" time="0.311" /><testcase classname="backend.tests.test_iteration10_testmode_outbound" name="test_redirect_phone_noop_when_env_unset" time="0.000" /><testcase classname="backend.tests.test_iteration10_testmode_outbound" name="test_redirect_email_noop_when_env_unset" time="0.000" /><testcase classname="backend.tests.test_iteration10_testmode_outbound" name="test_redirect_email_overrides_when_env_set" time="0.000" /><testcase classname="backend.tests.test_iteration10_testmode_outbound" name="test_send_whatsapp_template_redirects_to_test_phone" time="0.001" /><testcase classname="backend.tests.test_iteration10_testmode_outbound" name="test_send_whatsapp_text_redirects_to_test_phone" time="0.001" /><testcase classname="backend.tests.test_iteration10_testmode_outbound" name="test_send_whatsapp_document_redirects_to_test_phone" time="0.000" /><testcase classname="backend.tests.test_iteration10_testmode_outbound" name="test_bizchat_post_redirects_payload_phone" time="0.001" /><testcase classname="backend.tests.test_iteration11_password_length" name="test_login_200char_password_returns_422" time="0.133" /><testcase classname="backend.tests.test_iteration11_password_length" name="test_login_128char_password_returns_401" time="0.342" /><testcase classname="backend.tests.test_iteration11_password_length" name="test_login_empty_password_returns_422" time="0.138" /><testcase classname="backend.tests.test_iteration11_password_length" name="test_login_correct_admin_credentials_returns_200" time="0.397" /><testcase classname="backend.tests.test_iteration11_password_length" name="test_long_password_does_not_crash_backend" time="1.053" /><testcase classname="backend.tests.test_iteration11_password_length" name="test_supervisor_backend_running" time="0.281" /><testcase classname="backend.tests.test_iteration11_password_length" name="test_change_password_200char_new_returns_422" time="0.163" /><testcase classname="backend.tests.test_iteration11_password_length" name="test_change_password_5char_new_returns_422" time="0.114" /><testcase classname="backend.tests.test_iteration11_password_length" name="test_change_password_rotate_and_rotate_back" time="2.539" /><testcase classname="backend.tests.test_iteration12_p2_p3.TestPublicTrack" name="test_track_query_slim" time="0.134" /><testcase classname="backend.tests.test_iteration12_p2_p3.TestPublicTrack" name="test_track_path_variant" time="0.117" /><testcase classname="backend.tests.test_iteration12_p2_p3.TestPublicTrack" name="test_track_wrong_phone_unverified" time="0.122" /><testcase classname="backend.tests.test_iteration12_p2_p3.TestPublicTrack" name="test_track_correct_phone_verified" time="33.144" /><testcase classname="backend.tests.test_iteration12_p2_p3.TestPublicTrack" name="test_track_unknown_order_404" time="15.165" /><testcase classname="backend.tests.test_iteration12_p2_p3.TestCustomer360" name="test_customer_360_for_existing_contact" time="0.355" /><testcase classname="backend.tests.test_iteration12_p2_p3.TestCustomer360" name="test_customer_360_unknown_404" time="0.205" /><testcase classname="backend.tests.test_iteration12_p2_p3.TestCustomer360" name="test_customer_360_requires_auth" time="0.142" /><testcase classname="backend.tests.test_iteration12_p2_p3.TestBruteForceLockout" name="test_5_fails_then_429_then_admin_still_ok" time="1.096" /><testcase classname="backend.tests.test_iteration12_p2_p3.TestBruteForceLockout" name="test_admin_failed_counter_clears_on_success" time="2.052" /><testcase classname="backend.tests.test_iteration12_p2_p3.TestHealthIntegrations" name="test_requires_auth" time="0.138" /><testcase classname="backend.tests.test_iteration12_p2_p3.TestHealthIntegrations" name="test_returns_shape" time="0.387" /><testcase classname="backend.tests.test_iteration12_p2_p3.TestQuoteDiff" name="test_self_diff_all_unchanged" time="0.265" /><testcase classname="backend.tests.test_iteration12_p2_p3.TestQuoteDiff" name="test_diff_unknown_404" time="0.293" /><testcase classname="backend.tests.test_iteration12_p2_p3.TestQuoteDiff" name="test_diff_different_contacts_400" time="0.271" /><testcase classname="backend.tests.test_iteration12_p2_p3.TestCustomerPoAckShape" name="test_submit_po_response_shape" time="0.110" /><testcase classname="backend.tests.test_iteration13_date_format_ddmmyyyy" name="test_quote_pdf_format_uses_slash_and_4digit_year" time="0.001" /><testcase classname="backend.tests.test_iteration13_date_format_ddmmyyyy" name="test_server_py_strftime_uses_slash" time="0.001" /><testcase classname="backend.tests.test_iteration13_date_format_ddmmyyyy" name="test_dispatch_py_strftime_uses_slash" time="0.001" /><testcase classname="backend.tests.test_iteration13_date_format_ddmmyyyy" name="test_format_date_dmy_helper" time="0.374" /><testcase classname="backend.tests.test_iteration13_date_format_ddmmyyyy" name="test_quotations_list_ok" time="0.484" /><testcase classname="backend.tests.test_iteration13_date_format_ddmmyyyy" name="test_quotation_pdf_download_contains_slash_dates" time="2.210" /><testcase classname="backend.tests.test_iteration14_auto_notify.TestResolvePresetTokens" name="test_line_context_substitutes_product_and_qty" time="0.001" /><testcase classname="backend.tests.test_iteration14_auto_notify.TestResolvePresetTokens" name="test_shipment_context_aggregates_product_codes" time="0.000" /><testcase classname="backend.tests.test_iteration14_auto_notify.TestResolvePresetTokens" name="test_no_context_falls_back_to_first_line" time="0.000" /><testcase classname="backend.tests.test_iteration14_auto_notify.TestResolvePresetTokens" name="test_missing_tokens_fallback_dash" time="0.000" /><testcase classname="backend.tests.test_iteration14_auto_notify.TestResolvePresetTokens" name="test_unknown_preset_returns_empty" time="0.000" /><testcase classname="backend.tests.test_iteration14_auto_notify.TestLineStatusAutoNotify" name="test_in_production_appends_auto_entry" time="2.801" /><testcase classname="backend.tests.test_iteration14_auto_notify.TestLineStatusAutoNotify" name="test_ready_appends_auto_entry" time="2.240" /><testcase classname="backend.tests.test_iteration14_auto_notify.TestLineStatusAutoNotify" name="test_idempotent_same_status_no_new_entry" time="3.505" /><testcase classname="backend.tests.test_iteration14_auto_notify.TestLineEtaAutoNotify" name="test_eta_change_fires_schedule_revision" time="3.651" /><testcase classname="backend.tests.test_iteration14_auto_notify.TestShipmentAutoNotify" name="test_dispatch_fires_shipment_dispatched" time="0.292"><skipped type="pytest.skip" message="all lines already in shipments — cannot create a fresh one">/app/backend/tests/test_iteration14_auto_notify.py:289: all lines already in shipments — cannot create a fresh one</skipped></testcase><testcase classname="backend.tests.test_iteration14_auto_notify.TestShipmentAutoNotify" name="test_deliver_fires_shipment_delivered" time="0.000"><skipped type="pytest.skip" message="all lines already in shipments — cannot create a fresh one">/app/backend/tests/test_iteration14_auto_notify.py:309: all lines already in shipments — cannot create a fresh one</skipped></testcase><testcase classname="backend.tests.test_iteration14_auto_notify.TestManualNotifyRegression" name="test_manual_notify_still_pushes_universal_update_kind" time="2.078" /><testcase classname="backend.tests.test_iteration14_auto_notify.TestBestEffortNeverRaises" name="test_patch_returns_200_and_persists" time="1.031" /><testcase classname="backend.tests.test_iteration15_public_url_and_shipment_attach.TestHardcodedUrlSweep" name="test_no_hardcoded_hrexporter_urls_in_backend" time="0.006" /><testcase classname="backend.tests.test_iteration15_public_url_and_shipment_attach.TestHardcodedUrlSweep" name="test_no_hardcoded_hrexporter_api_urls" time="0.004" /><testcase classname="backend.tests.test_iteration15_public_url_and_shipment_attach.TestIntegrationsWebhookOnNewDomain" name="test_webhook_url_uses_public_base" time="0.467" /><testcase classname="backend.tests.test_iteration15_public_url_and_shipment_attach.TestResolveShipmentAttachmentFallback" name="test_prefers_tax_invoice" time="0.000" /><testcase classname="backend.tests.test_iteration15_public_url_and_shipment_attach.TestResolveShipmentAttachmentFallback" name="test_falls_back_to_eway" time="0.000" /><testcase classname="backend.tests.test_iteration15_public_url_and_shipment_attach.TestResolveShipmentAttachmentFallback" name="test_falls_back_to_lr" time="0.000" /><testcase classname="backend.tests.test_iteration15_public_url_and_shipment_attach.TestResolveShipmentAttachmentFallback" name="test_no_docs_returns_none" time="0.000" /><testcase classname="backend.tests.test_iteration15_public_url_and_shipment_attach.TestAutoSendPresetAppendsTrackLink" name="test_track_url_encoded_order_number_appended" time="0.003" /><testcase classname="backend.tests.test_iteration15_public_url_and_shipment_attach.TestSendUniversalUpdateOverrideTakesPrecedence" name="test_override_selects_template_doc_not_text" time="0.000" /><testcase classname="backend.tests.test_iteration15_public_url_and_shipment_attach.TestShipmentAutoNotifyAttachesPdf" name="test_dispatch_records_attached_true_and_absolute_url" time="0.276"><skipped type="pytest.skip" message="No order with a free (un-shipped) line item found">/app/backend/tests/test_iteration15_public_url_and_shipment_attach.py:83: No order with a free (un-shipped) line item found</skipped></testcase><testcase classname="backend.tests.test_iteration15_public_url_and_shipment_attach.TestShipmentAutoNotifyAttachesPdf" name="test_dispatched_invoice_url_absolute" time="0.333"><skipped type="pytest.skip" message="no order-level dispatch.invoice.url present in DB">/app/backend/tests/test_iteration15_public_url_and_shipment_attach.py:359: no order-level dispatch.invoice.url present in DB</skipped></testcase><testcase classname="backend.tests.test_iteration15_public_url_and_shipment_attach.TestLineAutoNotifyHasTrackLink" name="test_in_production_body_contains_track_url" time="0.303"><skipped type="pytest.skip" message="No order with a free (un-shipped) line item found">/app/backend/tests/test_iteration15_public_url_and_shipment_attach.py:83: No order with a free (un-shipped) line item found</skipped></testcase><testcase classname="backend.tests.test_iteration18_state_button_audit.TestConvertToOrderGuard" name="test_existing_converted_quote_has_order_id" time="0.544" /><testcase classname="backend.tests.test_iteration18_state_button_audit.TestConvertToOrderGuard" name="test_convert_to_order_returns_409_when_already_converted" time="0.178" /><testcase classname="backend.tests.test_iteration18_state_button_audit.TestConvertToOrderGuard" name="test_backfill_sanity_every_order_has_quote_back_link" time="0.130" /><testcase classname="backend.tests.test_iteration18_state_button_audit.TestDeleteGuards" name="test_delete_quotation_blocked_when_order_exists" time="0.118" /><testcase classname="backend.tests.test_iteration18_state_button_audit.TestDeleteGuards" name="test_delete_contact_blocked_when_linked" time="0.140" /><testcase classname="backend.tests.test_iteration18_state_button_audit.TestConvertRejectsBadStatus" name="test_convert_rejects_draft_quote" time="0.267" /><testcase classname="backend.tests.test_iteration18_state_button_audit.TestShipmentGuards" name="test_shipment_dispatch_requires_docs" time="0.065"><skipped type="pytest.skip" message="no draft shipment without tax_invoice available">/app/backend/tests/test_iteration18_state_button_audit.py:197: no draft shipment without tax_invoice available</skipped></testcase><testcase classname="backend.tests.test_iteration18_state_button_audit.TestPublicQuotesFiltering" name="test_my_quotes_filters_draft" time="0.128" /><testcase classname="backend.tests.test_iteration19_revise_gate_and_contact_delete" name="test_converted_quote_has_order_id" time="0.534" /><testcase classname="backend.tests.test_iteration19_revise_gate_and_contact_delete" name="test_unconverted_approved_quote_no_order_id" time="0.115" /><testcase classname="backend.tests.test_iteration19_revise_gate_and_contact_delete" name="test_double_convert_returns_409_with_order_id" time="0.114" /><testcase classname="backend.tests.test_iteration19_revise_gate_and_contact_delete" name="test_delete_blocked_when_contact_has_linked_quotes" time="0.261" /><testcase classname="backend.tests.test_iteration19_revise_gate_and_contact_delete" name="test_delete_unlinked_test_contact_success" time="0.153" /></testsuite></testsuites>