<?xml version="1.0" encoding="utf-8"?><testsuites name="pytest tests"><testsuite name="pytest" errors="0" failures="1" skipped="0" tests="17" time="8.487" timestamp="2026-05-11T11:06:25.832796+00:00" hostname="agent-env-97579090-236f-40d3-89da-e9b609a9ef3e"><testcase classname="backend.tests.test_iteration7_new_behaviors.TestContactsValidation" name="test_create_contact_missing_state_400" time="0.599" /><testcase classname="backend.tests.test_iteration7_new_behaviors.TestContactsValidation" name="test_create_contact_missing_company_400" time="0.118" /><testcase classname="backend.tests.test_iteration7_new_behaviors.TestContactsValidation" name="test_update_contact_missing_state_400" time="0.349" /><testcase classname="backend.tests.test_iteration7_new_behaviors.TestContactsValidation" name="test_update_contact_missing_company_400" time="0.306" /><testcase classname="backend.tests.test_iteration7_new_behaviors.TestPublicQrStart" name="test_missing_state_400" time="0.108" /><testcase classname="backend.tests.test_iteration7_new_behaviors.TestPublicQrStart" name="test_missing_company_400" time="0.130" /><testcase classname="backend.tests.test_iteration7_new_behaviors.TestPublicQrStart" name="test_full_payload_ok" time="0.099" /><testcase classname="backend.tests.test_iteration7_new_behaviors.TestPublicMe" name="test_public_me_returns_contact_no_id" time="0.475" /><testcase classname="backend.tests.test_iteration7_new_behaviors.TestPublicMe" name="test_public_me_invalid_token_401" time="0.105" /><testcase classname="backend.tests.test_iteration7_new_behaviors.TestPublicMe" name="test_public_me_create_quote_404_without_contact" time="0.273" /><testcase classname="backend.tests.test_iteration7_new_behaviors.TestPoSubmitGate" name="test_po_submit_against_sent_quote_400" time="0.575" /><testcase classname="backend.tests.test_iteration7_new_behaviors.TestPoSubmitGate" name="test_po_submit_against_approved_quote_ok" time="0.573" /><testcase classname="backend.tests.test_iteration7_new_behaviors.TestMultiOrderFromQuote" name="test_second_order_via_from_quote_returns_200" time="1.038" /><testcase classname="backend.tests.test_iteration7_new_behaviors.TestMultiOrderFromQuote" name="test_convert_to_order_alias_allows_multiple" time="1.069" /><testcase classname="backend.tests.test_iteration7_new_behaviors.TestArchiveDelete" name="test_archive_then_filter" time="1.129" /><testcase classname="backend.tests.test_iteration7_new_behaviors.TestArchiveDelete" name="test_delete_quote_without_order_ok" time="0.593" /><testcase classname="backend.tests.test_iteration7_new_behaviors.TestArchiveDelete" name="test_delete_quote_with_order_returns_409" time="0.829"><failure message="AssertionError: {&quot;ok&quot;:true}&#10;assert 200 == 409&#10; +  where 200 = &lt;Response [200]&gt;.status_code">backend/tests/test_iteration7_new_behaviors.py:404: in test_delete_quote_with_order_returns_409
    assert rd.status_code == 409, rd.text
E   AssertionError: {"ok":true}
E   assert 200 == 409
E    +  where 200 = &lt;Response [200]&gt;.status_code</failure></testcase></testsuite></testsuites>