<?xml version="1.0" encoding="utf-8"?><testsuites name="pytest tests"><testsuite name="pytest" errors="0" failures="0" skipped="0" tests="42" time="11.914" timestamp="2026-06-23T13:27:27.182927+00:00" hostname="agent-env-c245f190-e375-431c-91c8-cc0f1fcb5d9e"><testcase classname="tests.test_iteration10_testmode_outbound" name="test_settings_integrations_exposes_test_mode" time="0.517" /><testcase classname="tests.test_iteration10_testmode_outbound" name="test_redirect_phone_overrides_when_env_set" time="0.278" /><testcase classname="tests.test_iteration10_testmode_outbound" name="test_redirect_phone_noop_when_env_unset" time="0.000" /><testcase classname="tests.test_iteration10_testmode_outbound" name="test_redirect_email_noop_when_env_unset" time="0.000" /><testcase classname="tests.test_iteration10_testmode_outbound" name="test_redirect_email_overrides_when_env_set" time="0.000" /><testcase classname="tests.test_iteration10_testmode_outbound" name="test_send_whatsapp_template_redirects_to_test_phone" time="0.001" /><testcase classname="tests.test_iteration10_testmode_outbound" name="test_send_whatsapp_text_redirects_to_test_phone" time="0.000" /><testcase classname="tests.test_iteration10_testmode_outbound" name="test_send_whatsapp_document_redirects_to_test_phone" time="0.000" /><testcase classname="tests.test_iteration10_testmode_outbound" name="test_bizchat_post_redirects_payload_phone" time="0.001" /><testcase classname="tests.test_iteration9_phase123.TestAuth" name="test_login_ok" time="0.337" /><testcase classname="tests.test_iteration9_phase123.TestAuth" name="test_login_bad" time="0.344" /><testcase classname="tests.test_iteration9_phase123.TestAuth" name="test_me_requires_token" time="0.130" /><testcase classname="tests.test_iteration9_phase123.TestAuth" name="test_change_password_rejects_wrong_current" time="0.331" /><testcase classname="tests.test_iteration9_phase123.TestAuth" name="test_change_password_rejects_short" time="0.100" /><testcase classname="tests.test_iteration9_phase123.TestAuth" name="test_change_password_rejects_same" time="0.378" /><testcase classname="tests.test_iteration9_phase123.TestDashboard" name="test_stats" time="0.110" /><testcase classname="tests.test_iteration9_phase123.TestDashboard" name="test_hot_leads" time="0.143" /><testcase classname="tests.test_iteration9_phase123.TestDashboard" name="test_priceless_count" time="0.164" /><testcase classname="tests.test_iteration9_phase123.TestDashboard" name="test_seed_demo_idempotent_and_cleanup" time="1.403" /><testcase classname="tests.test_iteration9_phase123.TestSettings" name="test_get_put_integrations" time="0.201" /><testcase classname="tests.test_iteration9_phase123.TestPricing" name="test_toggle_priceless_endpoint" time="0.114" /><testcase classname="tests.test_iteration9_phase123.TestPricing" name="test_sync_family_active" time="0.149" /><testcase classname="tests.test_iteration9_phase123.TestPricing" name="test_upload_excel_two_col_format" time="0.253" /><testcase classname="tests.test_iteration9_phase123.TestPublicGates" name="test_my_quotes_requires_token" time="0.248" /><testcase classname="tests.test_iteration9_phase123.TestPublicGates" name="test_me_requires_token" time="0.205" /><testcase classname="tests.test_iteration9_phase123.TestPublicGates" name="test_me_quote_create_requires_token" time="0.209" /><testcase classname="tests.test_iteration9_phase123.TestGSTLogic" name="test_gujarat_intra_state_cgst_sgst" time="0.949" /><testcase classname="tests.test_iteration9_phase123.TestPhase1LineTracking" name="test_patch_qty_status_ok" time="0.750" /><testcase classname="tests.test_iteration9_phase123.TestPhase1LineTracking" name="test_patch_bad_status" time="0.125" /><testcase classname="tests.test_iteration9_phase123.TestPhase1LineTracking" name="test_patch_bad_date" time="0.104" /><testcase classname="tests.test_iteration9_phase123.TestPhase1LineTracking" name="test_patch_oob_index" time="0.335" /><testcase classname="tests.test_iteration9_phase123.TestPhase2UniversalNotify" name="test_presets_list" time="0.108" /><testcase classname="tests.test_iteration9_phase123.TestPhase2UniversalNotify" name="test_notify_endpoint_structure" time="1.815" /><testcase classname="tests.test_iteration9_phase123.TestPhase3Shipments" name="test_create_shipment" time="0.776" /><testcase classname="tests.test_iteration9_phase123.TestPhase3Shipments" name="test_duplicate_line_400" time="0.104" /><testcase classname="tests.test_iteration9_phase123.TestPhase3Shipments" name="test_dispatch_without_docs_400" time="0.115" /><testcase classname="tests.test_iteration9_phase123.TestPhase3Shipments" name="test_upload_tax_invoice_flips_invoiced" time="0.110" /><testcase classname="tests.test_iteration9_phase123.TestPhase3Shipments" name="test_upload_eway_and_dispatch_flips_shipped" time="0.227" /><testcase classname="tests.test_iteration9_phase123.TestPhase3Shipments" name="test_delete_dispatched_400" time="0.097" /><testcase classname="tests.test_iteration9_phase123.TestPhase3Shipments" name="test_deliver_flips_delivered" time="0.323" /><testcase classname="tests.test_iteration9_phase123.TestSecurity" name="test_orders_requires_admin_token" time="0.108" /><testcase classname="tests.test_iteration9_phase123.TestSecurity" name="test_uploads_no_directory_listing" time="0.147" /></testsuite></testsuites>