<?xml version="1.0" encoding="utf-8"?><testsuites name="pytest tests"><testsuite name="pytest" errors="0" failures="0" skipped="0" tests="6" time="29.582" timestamp="2026-07-24T07:09:20.862495+00:00" hostname="agent-env-c245f190-e375-431c-91c8-cc0f1fcb5d9e"><testcase classname="backend.tests.test_iteration20_company_settings_and_pdf" name="test_get_settings_exposes_seller_and_terms" time="0.585" /><testcase classname="backend.tests.test_iteration20_company_settings_and_pdf" name="test_put_settings_persists_seller_and_terms" time="0.147" /><testcase classname="backend.tests.test_iteration20_company_settings_and_pdf" name="test_quote_pdf_reflects_updated_seller_and_terms" time="2.391" /><testcase classname="backend.tests.test_iteration20_company_settings_and_pdf" name="test_proforma_and_invoice_use_seller_override" time="23.149" /><testcase classname="backend.tests.test_iteration20_company_settings_and_pdf" name="test_gst_logic_flips_with_seller_state" time="3.098" /><testcase classname="backend.tests.test_iteration20_company_settings_and_pdf" name="test_teardown_restored" time="0.092" /></testsuite></testsuites>