<?xml version="1.0" encoding="utf-8"?><testsuites name="pytest tests"><testsuite name="pytest" errors="0" failures="0" skipped="4" tests="25" time="5.561" timestamp="2026-07-22T15:01:29.567583+00:00" hostname="agent-env-c245f190-e375-431c-91c8-cc0f1fcb5d9e"><testcase classname="backend.tests.test_iteration19_revise_gate_and_contact_delete" name="test_converted_quote_has_order_id" time="0.733" /><testcase classname="backend.tests.test_iteration19_revise_gate_and_contact_delete" name="test_unconverted_approved_quote_no_order_id" time="0.144" /><testcase classname="backend.tests.test_iteration19_revise_gate_and_contact_delete" name="test_double_convert_returns_409_with_order_id" time="0.145" /><testcase classname="backend.tests.test_iteration19_revise_gate_and_contact_delete" name="test_delete_blocked_when_contact_has_linked_quotes" time="0.372" /><testcase classname="backend.tests.test_iteration19_revise_gate_and_contact_delete" name="test_delete_unlinked_test_contact_success" time="0.217" /><testcase classname="backend.tests.test_iteration18_state_button_audit.TestConvertToOrderGuard" name="test_existing_converted_quote_has_order_id" time="0.653" /><testcase classname="backend.tests.test_iteration18_state_button_audit.TestConvertToOrderGuard" name="test_convert_to_order_returns_409_when_already_converted" time="0.260" /><testcase classname="backend.tests.test_iteration18_state_button_audit.TestConvertToOrderGuard" name="test_backfill_sanity_every_order_has_quote_back_link" time="0.183" /><testcase classname="backend.tests.test_iteration18_state_button_audit.TestDeleteGuards" name="test_delete_quotation_blocked_when_order_exists" time="0.213" /><testcase classname="backend.tests.test_iteration18_state_button_audit.TestDeleteGuards" name="test_delete_contact_blocked_when_linked" time="0.168" /><testcase classname="backend.tests.test_iteration18_state_button_audit.TestConvertRejectsBadStatus" name="test_convert_rejects_draft_quote" time="0.306" /><testcase classname="backend.tests.test_iteration18_state_button_audit.TestShipmentGuards" name="test_shipment_dispatch_requires_docs" time="0.091"><skipped type="pytest.skip" message="no draft shipment without tax_invoice available">/app/backend/tests/test_iteration18_state_button_audit.py:197: no draft shipment without tax_invoice available</skipped></testcase><testcase classname="backend.tests.test_iteration18_state_button_audit.TestPublicQuotesFiltering" name="test_my_quotes_filters_draft" time="0.150" /><testcase classname="backend.tests.test_iteration15_public_url_and_shipment_attach.TestHardcodedUrlSweep" name="test_no_hardcoded_hrexporter_urls_in_backend" time="0.005" /><testcase classname="backend.tests.test_iteration15_public_url_and_shipment_attach.TestHardcodedUrlSweep" name="test_no_hardcoded_hrexporter_api_urls" time="0.004" /><testcase classname="backend.tests.test_iteration15_public_url_and_shipment_attach.TestIntegrationsWebhookOnNewDomain" name="test_webhook_url_uses_public_base" time="0.510" /><testcase classname="backend.tests.test_iteration15_public_url_and_shipment_attach.TestResolveShipmentAttachmentFallback" name="test_prefers_tax_invoice" time="0.313" /><testcase classname="backend.tests.test_iteration15_public_url_and_shipment_attach.TestResolveShipmentAttachmentFallback" name="test_falls_back_to_eway" time="0.000" /><testcase classname="backend.tests.test_iteration15_public_url_and_shipment_attach.TestResolveShipmentAttachmentFallback" name="test_falls_back_to_lr" time="0.000" /><testcase classname="backend.tests.test_iteration15_public_url_and_shipment_attach.TestResolveShipmentAttachmentFallback" name="test_no_docs_returns_none" time="0.000" /><testcase classname="backend.tests.test_iteration15_public_url_and_shipment_attach.TestAutoSendPresetAppendsTrackLink" name="test_track_url_encoded_order_number_appended" time="0.004" /><testcase classname="backend.tests.test_iteration15_public_url_and_shipment_attach.TestSendUniversalUpdateOverrideTakesPrecedence" name="test_override_selects_template_doc_not_text" time="0.000" /><testcase classname="backend.tests.test_iteration15_public_url_and_shipment_attach.TestShipmentAutoNotifyAttachesPdf" name="test_dispatch_records_attached_true_and_absolute_url" time="0.311"><skipped type="pytest.skip" message="No order with a free (un-shipped) line item found">/app/backend/tests/test_iteration15_public_url_and_shipment_attach.py:83: No order with a free (un-shipped) line item found</skipped></testcase><testcase classname="backend.tests.test_iteration15_public_url_and_shipment_attach.TestShipmentAutoNotifyAttachesPdf" name="test_dispatched_invoice_url_absolute" time="0.374"><skipped type="pytest.skip" message="no order-level dispatch.invoice.url present in DB">/app/backend/tests/test_iteration15_public_url_and_shipment_attach.py:359: no order-level dispatch.invoice.url present in DB</skipped></testcase><testcase classname="backend.tests.test_iteration15_public_url_and_shipment_attach.TestLineAutoNotifyHasTrackLink" name="test_in_production_body_contains_track_url" time="0.325"><skipped type="pytest.skip" message="No order with a free (un-shipped) line item found">/app/backend/tests/test_iteration15_public_url_and_shipment_attach.py:83: No order with a free (un-shipped) line item found</skipped></testcase></testsuite></testsuites>