<?xml version="1.0" encoding="utf-8"?><testsuites name="pytest tests"><testsuite name="pytest" errors="0" failures="1" skipped="3" tests="12" time="1.738" timestamp="2026-07-22T13:42:14.090003+00:00" hostname="agent-env-c245f190-e375-431c-91c8-cc0f1fcb5d9e"><testcase classname="backend.tests.test_iteration15_public_url_and_shipment_attach.TestHardcodedUrlSweep" name="test_no_hardcoded_hrexporter_urls_in_backend" time="0.005" /><testcase classname="backend.tests.test_iteration15_public_url_and_shipment_attach.TestHardcodedUrlSweep" name="test_no_hardcoded_hrexporter_api_urls" time="0.004" /><testcase classname="backend.tests.test_iteration15_public_url_and_shipment_attach.TestIntegrationsWebhookOnNewDomain" name="test_webhook_url_uses_public_base" time="0.616" /><testcase classname="backend.tests.test_iteration15_public_url_and_shipment_attach.TestResolveShipmentAttachmentFallback" name="test_prefers_tax_invoice" time="0.308" /><testcase classname="backend.tests.test_iteration15_public_url_and_shipment_attach.TestResolveShipmentAttachmentFallback" name="test_falls_back_to_eway" time="0.000" /><testcase classname="backend.tests.test_iteration15_public_url_and_shipment_attach.TestResolveShipmentAttachmentFallback" name="test_falls_back_to_lr" time="0.000" /><testcase classname="backend.tests.test_iteration15_public_url_and_shipment_attach.TestResolveShipmentAttachmentFallback" name="test_no_docs_returns_none" time="0.000" /><testcase classname="backend.tests.test_iteration15_public_url_and_shipment_attach.TestAutoSendPresetAppendsTrackLink" name="test_track_url_encoded_order_number_appended" time="0.004"><failure message="AssertionError: Track link not appended; body_lines=['Reference: Order HRE/ORD/2026-27/0042', 'Your shipment has been dispatched today', 'Items in this shipment: SKU-1', 'Transporter: BlueDart · LR No: LR-1', 'Tax Invoice, E-Way Bill and LR Copy are attached']&#10;assert 'Track live: https://quote.hrexporter.com/track?order_number=HRE%2FORD%2F2026-27%2F0042' in 'Reference: Order HRE/ORD/2026-27/0042\nYour shipment has been dispatched today\nItems in this shipment: SKU-1\nTransporter: BlueDart · LR No: LR-1\nTax Invoice, E-Way Bill and LR Copy are attached'">backend/tests/test_iteration15_public_url_and_shipment_attach.py:230: in test_track_url_encoded_order_number_appended
    assert expected in joined, (
E   AssertionError: Track link not appended; body_lines=['Reference: Order HRE/ORD/2026-27/0042', 'Your shipment has been dispatched today', 'Items in this shipment: SKU-1', 'Transporter: BlueDart · LR No: LR-1', 'Tax Invoice, E-Way Bill and LR Copy are attached']
E   assert 'Track live: https://quote.hrexporter.com/track?order_number=HRE%2FORD%2F2026-27%2F0042' in 'Reference: Order HRE/ORD/2026-27/0042\nYour shipment has been dispatched today\nItems in this shipment: SKU-1\nTransporter: BlueDart · LR No: LR-1\nTax Invoice, E-Way Bill and LR Copy are attached'</failure></testcase><testcase classname="backend.tests.test_iteration15_public_url_and_shipment_attach.TestSendUniversalUpdateOverrideTakesPrecedence" name="test_override_selects_template_doc_not_text" time="0.000" /><testcase classname="backend.tests.test_iteration15_public_url_and_shipment_attach.TestShipmentAutoNotifyAttachesPdf" name="test_dispatch_records_attached_true_and_absolute_url" time="0.226"><skipped type="pytest.skip" message="No order with a free (un-shipped) line item found">/app/backend/tests/test_iteration15_public_url_and_shipment_attach.py:83: No order with a free (un-shipped) line item found</skipped></testcase><testcase classname="backend.tests.test_iteration15_public_url_and_shipment_attach.TestShipmentAutoNotifyAttachesPdf" name="test_dispatched_invoice_url_absolute" time="0.234"><skipped type="pytest.skip" message="no order-level dispatch.invoice.url present in DB">/app/backend/tests/test_iteration15_public_url_and_shipment_attach.py:359: no order-level dispatch.invoice.url present in DB</skipped></testcase><testcase classname="backend.tests.test_iteration15_public_url_and_shipment_attach.TestLineAutoNotifyHasTrackLink" name="test_in_production_body_contains_track_url" time="0.243"><skipped type="pytest.skip" message="No order with a free (un-shipped) line item found">/app/backend/tests/test_iteration15_public_url_and_shipment_attach.py:83: No order with a free (un-shipped) line item found</skipped></testcase></testsuite></testsuites>