<?xml version="1.0" encoding="utf-8"?><testsuites name="pytest tests"><testsuite name="pytest" errors="0" failures="19" skipped="8" tests="300" time="189.439" timestamp="2026-07-24T07:15:01.186060+00:00" hostname="agent-env-c245f190-e375-431c-91c8-cc0f1fcb5d9e"><testcase classname="backend.tests.test_hre_crm_backend.TestAuth" name="test_login_success" time="0.357" /><testcase classname="backend.tests.test_hre_crm_backend.TestAuth" name="test_login_wrong_password" time="0.319" /><testcase classname="backend.tests.test_hre_crm_backend.TestAuth" name="test_me_with_token" time="0.420" /><testcase classname="backend.tests.test_hre_crm_backend.TestAuth" name="test_me_without_token" time="0.108" /><testcase classname="backend.tests.test_hre_crm_backend.TestMaterials" name="test_list_materials_seeded" time="0.044" /><testcase classname="backend.tests.test_hre_crm_backend.TestMaterials" name="test_create_update_delete_material" time="0.286" /><testcase classname="backend.tests.test_hre_crm_backend.TestMaterials" name="test_employee_cannot_create_material" time="0.324"><skipped type="pytest.skip" message="Cannot create employee user: {&quot;detail&quot;:&quot;Invalid credentials&quot;}&#10;assert 401 == 200&#10; +  where 401 = &lt;Response [401]&gt;.status_code">/app/backend/tests/test_hre_crm_backend.py:150: Cannot create employee user: {"detail":"Invalid credentials"}
assert 401 == 200
 +  where 401 = &lt;Response [401]&gt;.status_code</skipped></testcase><testcase classname="backend.tests.test_hre_crm_backend.TestCategories" name="test_list_categories_seeded" time="0.045" /><testcase classname="backend.tests.test_hre_crm_backend.TestCategories" name="test_create_update_delete_category" time="0.133" /><testcase classname="backend.tests.test_hre_crm_backend.TestProductFamilies" name="test_list_families_seeded" time="0.046"><failure message="assert False&#10; +  where False = any(&lt;generator object TestProductFamilies.test_list_families_seeded.&lt;locals&gt;.&lt;genexpr&gt; at 0xfe97b1515b10&gt;)">E   assert False
     +  where False = any(&lt;generator object TestProductFamilies.test_list_families_seeded.&lt;locals&gt;.&lt;genexpr&gt; at 0xfe97b1515b10&gt;)</failure></testcase><testcase classname="backend.tests.test_hre_crm_backend.TestProductFamilies" name="test_create_update_delete_family" time="0.092" /><testcase classname="backend.tests.test_hre_crm_backend.TestProductFamilies" name="test_upload_main_image" time="0.134"><failure message="AssertionError: assert False&#10; +  where False = &lt;built-in method startswith of str object at 0xfe979613be10&gt;('/uploads/')&#10; +    where &lt;built-in method startswith of str object at 0xfe979613be10&gt; = '/api/uploads/784ab979-74c5-4438-bf53-24b5c6094106_main_product_image_007c91537abe4152a98b79433ce2eee9.png'.startswith">E   AssertionError: assert False
     +  where False = &lt;built-in method startswith of str object at 0xfe979613be10&gt;('/uploads/')
     +    where &lt;built-in method startswith of str object at 0xfe979613be10&gt; = '/api/uploads/784ab979-74c5-4438-bf53-24b5c6094106_main_product_image_007c91537abe4152a98b79433ce2eee9.png'.startswith</failure></testcase><testcase classname="backend.tests.test_hre_crm_backend.TestProductFamilies" name="test_upload_dimension_drawing" time="0.111"><failure message="AssertionError: assert False&#10; +  where False = &lt;built-in method startswith of str object at 0xfe979613beb0&gt;('/uploads/')&#10; +    where &lt;built-in method startswith of str object at 0xfe979613beb0&gt; = '/api/uploads/784ab979-74c5-4438-bf53-24b5c6094106_dimension_drawing_image_2b89ff5879df413ea128893e7ce0abe7.png'.startswith">E   AssertionError: assert False
     +  where False = &lt;built-in method startswith of str object at 0xfe979613beb0&gt;('/uploads/')
     +    where &lt;built-in method startswith of str object at 0xfe979613beb0&gt; = '/api/uploads/784ab979-74c5-4438-bf53-24b5c6094106_dimension_drawing_image_2b89ff5879df413ea128893e7ce0abe7.png'.startswith</failure></testcase><testcase classname="backend.tests.test_hre_crm_backend.TestProductFamilies" name="test_upload_invalid_extension" time="0.101" /><testcase classname="backend.tests.test_hre_crm_backend.TestProductFamilies" name="test_delete_test_family" time="0.042" /><testcase classname="backend.tests.test_hre_crm_backend.TestProductVariants" name="test_list_variants_seeded" time="0.134"><failure message="AssertionError: assert ('RI-7153' in ['1000- 4 X 10', '1300- 4 X 12', '500- 4 X 10', '630- 4 X 10', '800- 4 X 10', 'ACXLPE - 1000', ...])">E   AssertionError: assert ('RI-7153' in ['1000- 4 X 10', '1300- 4 X 12', '500- 4 X 10', '630- 4 X 10', '800- 4 X 10', 'ACXLPE - 1000', ...])</failure></testcase><testcase classname="backend.tests.test_hre_crm_backend.TestProductVariants" name="test_filter_by_material" time="0.099" /><testcase classname="backend.tests.test_hre_crm_backend.TestProductVariants" name="test_filter_by_q" time="0.044"><failure message="assert 0 &gt;= 1&#10; +  where 0 = len([])">E   assert 0 &gt;= 1
     +  where 0 = len([])</failure></testcase><testcase classname="backend.tests.test_hre_crm_backend.TestProductVariants" name="test_create_variant_records_history" time="0.217" /><testcase classname="backend.tests.test_hre_crm_backend.TestProductVariants" name="test_update_variant_price_history" time="0.144" /><testcase classname="backend.tests.test_hre_crm_backend.TestProductVariants" name="test_manual_price_override" time="0.131" /><testcase classname="backend.tests.test_hre_crm_backend.TestProductVariants" name="test_delete_test_variant" time="0.045" /><testcase classname="backend.tests.test_hre_crm_backend.TestBulkDiscount" name="test_bulk_discount_preview_material" time="0.046" /><testcase classname="backend.tests.test_hre_crm_backend.TestBulkDiscount" name="test_bulk_discount_preview_invalid_scope" time="0.044" /><testcase classname="backend.tests.test_hre_crm_backend.TestBulkDiscount" name="test_bulk_discount_material_apply" time="0.592" /><testcase classname="backend.tests.test_hre_crm_backend.TestBulkDiscount" name="test_bulk_discount_category" time="0.137" /><testcase classname="backend.tests.test_hre_crm_backend.TestBulkDiscount" name="test_bulk_discount_family" time="0.148" /><testcase classname="backend.tests.test_hre_crm_backend.TestBulkDiscount" name="test_employee_cannot_bulk_discount" time="0.000"><skipped type="pytest.skip" message="Cannot create employee user: {&quot;detail&quot;:&quot;Invalid credentials&quot;}&#10;assert 401 == 200&#10; +  where 401 = &lt;Response [401]&gt;.status_code">/app/backend/tests/test_hre_crm_backend.py:409: Cannot create employee user: {"detail":"Invalid credentials"}
assert 401 == 200
 +  where 401 = &lt;Response [401]&gt;.status_code</skipped></testcase><testcase classname="backend.tests.test_hre_crm_backend.TestDashboard" name="test_dashboard_stats" time="0.053" /><testcase classname="backend.tests.test_hre_crm_backend.TestDashboard" name="test_price_history_global" time="0.048" /><testcase classname="backend.tests.test_iteration10_testmode_outbound" name="test_settings_integrations_exposes_test_mode" time="0.427" /><testcase classname="backend.tests.test_iteration10_testmode_outbound" name="test_redirect_phone_overrides_when_env_set" time="0.000" /><testcase classname="backend.tests.test_iteration10_testmode_outbound" name="test_redirect_phone_noop_when_env_unset" time="0.000" /><testcase classname="backend.tests.test_iteration10_testmode_outbound" name="test_redirect_email_noop_when_env_unset" time="0.000" /><testcase classname="backend.tests.test_iteration10_testmode_outbound" name="test_redirect_email_overrides_when_env_set" time="0.000" /><testcase classname="backend.tests.test_iteration10_testmode_outbound" name="test_send_whatsapp_template_redirects_to_test_phone" time="0.001" /><testcase classname="backend.tests.test_iteration10_testmode_outbound" name="test_send_whatsapp_text_redirects_to_test_phone" time="0.000" /><testcase classname="backend.tests.test_iteration10_testmode_outbound" name="test_send_whatsapp_document_redirects_to_test_phone" time="0.000" /><testcase classname="backend.tests.test_iteration10_testmode_outbound" name="test_bizchat_post_redirects_payload_phone" time="0.000" /><testcase classname="backend.tests.test_iteration11_password_length" name="test_login_200char_password_returns_422" time="0.096" /><testcase classname="backend.tests.test_iteration11_password_length" name="test_login_128char_password_returns_401" time="0.324" /><testcase classname="backend.tests.test_iteration11_password_length" name="test_login_empty_password_returns_422" time="0.132" /><testcase classname="backend.tests.test_iteration11_password_length" name="test_login_correct_admin_credentials_returns_200" time="0.320" /><testcase classname="backend.tests.test_iteration11_password_length" name="test_long_password_does_not_crash_backend" time="0.755" /><testcase classname="backend.tests.test_iteration11_password_length" name="test_supervisor_backend_running" time="0.183" /><testcase classname="backend.tests.test_iteration11_password_length" name="test_change_password_200char_new_returns_422" time="0.124" /><testcase classname="backend.tests.test_iteration11_password_length" name="test_change_password_5char_new_returns_422" time="0.094" /><testcase classname="backend.tests.test_iteration11_password_length" name="test_change_password_rotate_and_rotate_back" time="2.402" /><testcase classname="backend.tests.test_iteration12_p2_p3.TestPublicTrack" name="test_track_query_slim" time="0.106" /><testcase classname="backend.tests.test_iteration12_p2_p3.TestPublicTrack" name="test_track_path_variant" time="0.110" /><testcase classname="backend.tests.test_iteration12_p2_p3.TestPublicTrack" name="test_track_wrong_phone_unverified" time="0.104" /><testcase classname="backend.tests.test_iteration12_p2_p3.TestPublicTrack" name="test_track_correct_phone_verified" time="0.661" /><testcase classname="backend.tests.test_iteration12_p2_p3.TestPublicTrack" name="test_track_unknown_order_404" time="0.100" /><testcase classname="backend.tests.test_iteration12_p2_p3.TestCustomer360" name="test_customer_360_for_existing_contact" time="0.238" /><testcase classname="backend.tests.test_iteration12_p2_p3.TestCustomer360" name="test_customer_360_unknown_404" time="0.143" /><testcase classname="backend.tests.test_iteration12_p2_p3.TestCustomer360" name="test_customer_360_requires_auth" time="0.098" /><testcase classname="backend.tests.test_iteration12_p2_p3.TestBruteForceLockout" name="test_5_fails_then_429_then_admin_still_ok" time="0.954" /><testcase classname="backend.tests.test_iteration12_p2_p3.TestBruteForceLockout" name="test_admin_failed_counter_clears_on_success" time="1.949" /><testcase classname="backend.tests.test_iteration12_p2_p3.TestHealthIntegrations" name="test_requires_auth" time="0.094" /><testcase classname="backend.tests.test_iteration12_p2_p3.TestHealthIntegrations" name="test_returns_shape" time="8.120" /><testcase classname="backend.tests.test_iteration12_p2_p3.TestQuoteDiff" name="test_self_diff_all_unchanged" time="0.246"><failure message="AssertionError: {&quot;detail&quot;:&quot;One or both quotations not found&quot;}&#10;assert 404 == 200&#10; +  where 404 = &lt;Response [404]&gt;.status_code">E   AssertionError: {"detail":"One or both quotations not found"}
    assert 404 == 200
     +  where 404 = &lt;Response [404]&gt;.status_code</failure></testcase><testcase classname="backend.tests.test_iteration12_p2_p3.TestQuoteDiff" name="test_diff_unknown_404" time="0.207" /><testcase classname="backend.tests.test_iteration12_p2_p3.TestQuoteDiff" name="test_diff_different_contacts_400" time="0.407" /><testcase classname="backend.tests.test_iteration12_p2_p3.TestCustomerPoAckShape" name="test_submit_po_response_shape" time="0.149" /><testcase classname="backend.tests.test_iteration13_date_format_ddmmyyyy" name="test_quote_pdf_format_uses_slash_and_4digit_year" time="0.000" /><testcase classname="backend.tests.test_iteration13_date_format_ddmmyyyy" name="test_server_py_strftime_uses_slash" time="0.000" /><testcase classname="backend.tests.test_iteration13_date_format_ddmmyyyy" name="test_dispatch_py_strftime_uses_slash" time="0.000" /><testcase classname="backend.tests.test_iteration13_date_format_ddmmyyyy" name="test_format_date_dmy_helper" time="0.398" /><testcase classname="backend.tests.test_iteration13_date_format_ddmmyyyy" name="test_quotations_list_ok" time="0.450" /><testcase classname="backend.tests.test_iteration13_date_format_ddmmyyyy" name="test_quotation_pdf_download_contains_slash_dates" time="1.741" /><testcase classname="backend.tests.test_iteration14_auto_notify.TestResolvePresetTokens" name="test_line_context_substitutes_product_and_qty" time="0.000" /><testcase classname="backend.tests.test_iteration14_auto_notify.TestResolvePresetTokens" name="test_shipment_context_aggregates_product_codes" time="0.000" /><testcase classname="backend.tests.test_iteration14_auto_notify.TestResolvePresetTokens" name="test_no_context_falls_back_to_first_line" time="0.000" /><testcase classname="backend.tests.test_iteration14_auto_notify.TestResolvePresetTokens" name="test_missing_tokens_fallback_dash" time="0.000" /><testcase classname="backend.tests.test_iteration14_auto_notify.TestResolvePresetTokens" name="test_unknown_preset_returns_empty" time="0.000" /><testcase classname="backend.tests.test_iteration14_auto_notify.TestLineStatusAutoNotify" name="test_in_production_appends_auto_entry" time="2.980" /><testcase classname="backend.tests.test_iteration14_auto_notify.TestLineStatusAutoNotify" name="test_ready_appends_auto_entry" time="1.616"><failure message="AssertionError: {&quot;detail&quot;:&quot;Order not found&quot;}&#10;assert 404 == 200&#10; +  where 404 = &lt;Response [404]&gt;.status_code">E   AssertionError: {"detail":"Order not found"}
    assert 404 == 200
     +  where 404 = &lt;Response [404]&gt;.status_code</failure></testcase><testcase classname="backend.tests.test_iteration14_auto_notify.TestLineStatusAutoNotify" name="test_idempotent_same_status_no_new_entry" time="2.721" /><testcase classname="backend.tests.test_iteration14_auto_notify.TestLineEtaAutoNotify" name="test_eta_change_fires_schedule_revision" time="1.127"><failure message="AssertionError: {&quot;detail&quot;:&quot;Order not found&quot;}&#10;assert 404 == 200&#10; +  where 404 = &lt;Response [404]&gt;.status_code">E   AssertionError: {"detail":"Order not found"}
    assert 404 == 200
     +  where 404 = &lt;Response [404]&gt;.status_code</failure></testcase><testcase classname="backend.tests.test_iteration14_auto_notify.TestShipmentAutoNotify" name="test_dispatch_fires_shipment_dispatched" time="2.344" /><testcase classname="backend.tests.test_iteration14_auto_notify.TestShipmentAutoNotify" name="test_deliver_fires_shipment_delivered" time="21.888" /><testcase classname="backend.tests.test_iteration14_auto_notify.TestManualNotifyRegression" name="test_manual_notify_still_pushes_universal_update_kind" time="21.477" /><testcase classname="backend.tests.test_iteration14_auto_notify.TestBestEffortNeverRaises" name="test_patch_returns_200_and_persists" time="0.427" /><testcase classname="backend.tests.test_iteration15_public_url_and_shipment_attach.TestHardcodedUrlSweep" name="test_no_hardcoded_hrexporter_urls_in_backend" time="0.005" /><testcase classname="backend.tests.test_iteration15_public_url_and_shipment_attach.TestHardcodedUrlSweep" name="test_no_hardcoded_hrexporter_api_urls" time="0.004" /><testcase classname="backend.tests.test_iteration15_public_url_and_shipment_attach.TestIntegrationsWebhookOnNewDomain" name="test_webhook_url_uses_public_base" time="0.423" /><testcase classname="backend.tests.test_iteration15_public_url_and_shipment_attach.TestResolveShipmentAttachmentFallback" name="test_prefers_tax_invoice" time="0.000" /><testcase classname="backend.tests.test_iteration15_public_url_and_shipment_attach.TestResolveShipmentAttachmentFallback" name="test_falls_back_to_eway" time="0.000" /><testcase classname="backend.tests.test_iteration15_public_url_and_shipment_attach.TestResolveShipmentAttachmentFallback" name="test_falls_back_to_lr" time="0.000" /><testcase classname="backend.tests.test_iteration15_public_url_and_shipment_attach.TestResolveShipmentAttachmentFallback" name="test_no_docs_returns_none" time="0.000" /><testcase classname="backend.tests.test_iteration15_public_url_and_shipment_attach.TestAutoSendPresetAppendsTrackLink" name="test_track_url_encoded_order_number_appended" time="0.004" /><testcase classname="backend.tests.test_iteration15_public_url_and_shipment_attach.TestSendUniversalUpdateOverrideTakesPrecedence" name="test_override_selects_template_doc_not_text" time="0.000" /><testcase classname="backend.tests.test_iteration15_public_url_and_shipment_attach.TestShipmentAutoNotifyAttachesPdf" name="test_dispatch_records_attached_true_and_absolute_url" time="0.628"><failure message="AssertionError: {&quot;detail&quot;:&quot;Cannot dispatch: missing documents — eway_bill&quot;}&#10;assert 400 == 200&#10; +  where 400 = &lt;Response [400]&gt;.status_code">E   AssertionError: {"detail":"Cannot dispatch: missing documents — eway_bill"}
    assert 400 == 200
     +  where 400 = &lt;Response [400]&gt;.status_code</failure></testcase><testcase classname="backend.tests.test_iteration15_public_url_and_shipment_attach.TestShipmentAutoNotifyAttachesPdf" name="test_dispatched_invoice_url_absolute" time="0.418"><skipped type="pytest.skip" message="no order-level dispatch.invoice.url present in DB">/app/backend/tests/test_iteration15_public_url_and_shipment_attach.py:359: no order-level dispatch.invoice.url present in DB</skipped></testcase><testcase classname="backend.tests.test_iteration15_public_url_and_shipment_attach.TestLineAutoNotifyHasTrackLink" name="test_in_production_body_contains_track_url" time="0.418"><skipped type="pytest.skip" message="No order with a free (un-shipped) line item found">/app/backend/tests/test_iteration15_public_url_and_shipment_attach.py:83: No order with a free (un-shipped) line item found</skipped></testcase><testcase classname="backend.tests.test_iteration18_state_button_audit.TestConvertToOrderGuard" name="test_existing_converted_quote_has_order_id" time="0.479" /><testcase classname="backend.tests.test_iteration18_state_button_audit.TestConvertToOrderGuard" name="test_convert_to_order_returns_409_when_already_converted" time="0.142"><failure message="AssertionError: expected 409, got 200: {&quot;id&quot;:&quot;d8eb642e-c31b-49c6-97fd-2ce13635d022&quot;,&quot;order_number&quot;:&quot;HRE/ORD/2026-27/0004&quot;,&quot;quote_id&quot;:&quot;c484a0e9-b368-4961-ae4e-f6b2a2d59ce6&quot;,&quot;quote_number&quot;:&quot;HRE/QT/2026-27/0120&quot;,&quot;contact_id&quot;:&quot;ce942cc7-6fb3-4230-a133-f5ffda29cac5&quot;,&quot;contact_name&quot;:&quot;TEST_ODR_50bb5&quot;,&quot;contact_company&quot;:&quot;TEST_OrderCo&quot;,&quot;contact_phone&quot;:&quot;9784877324&quot;,&quot;contact_email&quot;:&quot;TEST_odr_5b287@example.com&quot;,&quot;contact_gst&quot;:&quot;&quot;,&quot;billing_address&quot;:&quot;&quot;,&quot;shipping_address&quot;:&quot;&quot;,&quot;place_of_supply&quot;:&quot;Karnataka&quot;,&quot;line_items&quot;:[{&quot;product_variant_id&quot;:&quot;5595ffc3-9e38-4db0-835e-0b6bdcf693c0&quot;,&quot;product_code&quot;:&quot;1000- 4 X 10&quot;,&quot;family_name&quot;:&quot;TestFam&quot;,&quot;description&quot;:&quot;desc&quot;,&quot;cable_size&quot;:&quot;&quot;,&quot;hole_size&quot;:&quot;&quot;,&quot;dimensions&quot;:{},&quot;hsn_code&quot;:&quot;85369090&quot;,&quot;quantity&quot;:5.0,&quot;unit&quot;:&quot;NOS&quot;,&quot;base_price&quot;:200.0,&quot;discount_percentage&quot;:0.0,&quot;gst_percentage&quot;:18.0,&quot;line_gross&quot;:1000.0,&quot;discount_amount&quot;:0.0,&quot;taxable_value&quot;:1000.0,&quot;gst_amount&quot;:180.0,&quot;line_total&quot;:1180.0,&quot;qty_status&quot;:&quot;pending&quot;,&quot;expected_dispatch_date&quot;:null,&quot;internal_notes&quot;:&quot;&quot;,&quot;status_updated_at&quot;:null}],&quot;taxable_value&quot;:1000.0,&quot;total_gst&quot;:180.0,&quot;total_discount&quot;:0.0,&quot;grand_total&quot;:1180.0,&quot;currency&quot;:&quot;INR&quot;,&quot;stage&quot;:&quot;pending_po&quot;,&quot;po_number&quot;:&quot;&quot;,&quot;po_received_at&quot;:null,&quot;documents&quot;:{},&quot;proforma&quot;:{},&quot;raw_material_status&quot;:&quot;&quot;,&quot;production_updates&quot;:[],&quot;dispatch&quot;:{},&quot;timeline&quot;:[{&quot;id&quot;:&quot;3b953a26-aa89-4365-8b85-b298f9dadd18&quot;,&quot;kind&quot;:&quot;created&quot;,&quot;label&quot;:&quot;Order created from approved quote&quot;,&quot;at&quot;:&quot;2026-07-24T07:16:24.594392+00:00&quot;,&quot;by&quot;:&quot;admin@hrexporter.com&quot;,&quot;quote_number&quot;:&quot;HRE/QT/2026-27/0120&quot;}],&quot;notifications&quot;:[],&quot;created_by&quot;:&quot;admin@hrexporter.com&quot;,&quot;created_at&quot;:&quot;2026-07-24T07:16:24.594401+00:00&quot;,&quot;updated_at&quot;:&quot;2026-07-24T07:16:24.594403+00:00&quot;}&#10;assert 200 == 409&#10; +  where 200 = &lt;Response [200]&gt;.status_code">E   AssertionError: expected 409, got 200: {"id":"d8eb642e-c31b-49c6-97fd-2ce13635d022","order_number":"HRE/ORD/2026-27/0004","quote_id":"c484a0e9-b368-4961-ae4e-f6b2a2d59ce6","quote_number":"HRE/QT/2026-27/0120","contact_id":"ce942cc7-6fb3-4230-a133-f5ffda29cac5","contact_name":"TEST_ODR_50bb5","contact_company":"TEST_OrderCo","contact_phone":"9784877324","contact_email":"TEST_odr_5b287@example.com","contact_gst":"","billing_address":"","shipping_address":"","place_of_supply":"Karnataka","line_items":[{"product_variant_id":"5595ffc3-9e38-4db0-835e-0b6bdcf693c0","product_code":"1000- 4 X 10","family_name":"TestFam","description":"desc","cable_size":"","hole_size":"","dimensions":{},"hsn_code":"85369090","quantity":5.0,"unit":"NOS","base_price":200.0,"discount_percentage":0.0,"gst_percentage":18.0,"line_gross":1000.0,"discount_amount":0.0,"taxable_value":1000.0,"gst_amount":180.0,"line_total":1180.0,"qty_status":"pending","expected_dispatch_date":null,"internal_notes":"","status_updated_at":null}],"taxable_value":1000.0,"total_gst":180.0,"total_discount":0.0,"grand_total":1180.0,"currency":"INR","stage":"pending_po","po_number":"","po_received_at":null,"documents":{},"proforma":{},"raw_material_status":"","production_updates":[],"dispatch":{},"timeline":[{"id":"3b953a26-aa89-4365-8b85-b298f9dadd18","kind":"created","label":"Order created from approved quote","at":"2026-07-24T07:16:24.594392+00:00","by":"admin@hrexporter.com","quote_number":"HRE/QT/2026-27/0120"}],"notifications":[],"created_by":"admin@hrexporter.com","created_at":"2026-07-24T07:16:24.594401+00:00","updated_at":"2026-07-24T07:16:24.594403+00:00"}
    assert 200 == 409
     +  where 200 = &lt;Response [200]&gt;.status_code</failure></testcase><testcase classname="backend.tests.test_iteration18_state_button_audit.TestConvertToOrderGuard" name="test_backfill_sanity_every_order_has_quote_back_link" time="0.231" /><testcase classname="backend.tests.test_iteration18_state_button_audit.TestDeleteGuards" name="test_delete_quotation_blocked_when_order_exists" time="0.134" /><testcase classname="backend.tests.test_iteration18_state_button_audit.TestDeleteGuards" name="test_delete_contact_blocked_when_linked" time="0.092" /><testcase classname="backend.tests.test_iteration18_state_button_audit.TestConvertRejectsBadStatus" name="test_convert_rejects_draft_quote" time="0.182" /><testcase classname="backend.tests.test_iteration18_state_button_audit.TestShipmentGuards" name="test_shipment_dispatch_requires_docs" time="0.053"><skipped type="pytest.skip" message="no draft shipment without tax_invoice available">/app/backend/tests/test_iteration18_state_button_audit.py:197: no draft shipment without tax_invoice available</skipped></testcase><testcase classname="backend.tests.test_iteration18_state_button_audit.TestPublicQuotesFiltering" name="test_my_quotes_filters_draft" time="0.103" /><testcase classname="backend.tests.test_iteration19_revise_gate_and_contact_delete" name="test_converted_quote_has_order_id" time="0.484" /><testcase classname="backend.tests.test_iteration19_revise_gate_and_contact_delete" name="test_unconverted_approved_quote_no_order_id" time="0.089" /><testcase classname="backend.tests.test_iteration19_revise_gate_and_contact_delete" name="test_double_convert_returns_409_with_order_id" time="0.090" /><testcase classname="backend.tests.test_iteration19_revise_gate_and_contact_delete" name="test_delete_blocked_when_contact_has_linked_quotes" time="0.145" /><testcase classname="backend.tests.test_iteration19_revise_gate_and_contact_delete" name="test_delete_unlinked_test_contact_success" time="0.142" /><testcase classname="backend.tests.test_iteration20_company_settings_and_pdf" name="test_get_settings_exposes_seller_and_terms" time="0.499" /><testcase classname="backend.tests.test_iteration20_company_settings_and_pdf" name="test_put_settings_persists_seller_and_terms" time="0.137" /><testcase classname="backend.tests.test_iteration20_company_settings_and_pdf" name="test_quote_pdf_reflects_updated_seller_and_terms" time="1.998" /><testcase classname="backend.tests.test_iteration20_company_settings_and_pdf" name="test_proforma_and_invoice_use_seller_override" time="3.125" /><testcase classname="backend.tests.test_iteration20_company_settings_and_pdf" name="test_gst_logic_flips_with_seller_state" time="3.028" /><testcase classname="backend.tests.test_iteration20_company_settings_and_pdf" name="test_teardown_restored" time="0.093" /><testcase classname="backend.tests.test_iteration7_new_behaviors.TestContactsValidation" name="test_create_contact_missing_state_400" time="0.481" /><testcase classname="backend.tests.test_iteration7_new_behaviors.TestContactsValidation" name="test_create_contact_missing_company_400" time="0.099" /><testcase classname="backend.tests.test_iteration7_new_behaviors.TestContactsValidation" name="test_update_contact_missing_state_400" time="0.297" /><testcase classname="backend.tests.test_iteration7_new_behaviors.TestContactsValidation" name="test_update_contact_missing_company_400" time="0.321" /><testcase classname="backend.tests.test_iteration7_new_behaviors.TestPublicQrStart" name="test_missing_state_400" time="0.102" /><testcase classname="backend.tests.test_iteration7_new_behaviors.TestPublicQrStart" name="test_missing_company_400" time="0.100" /><testcase classname="backend.tests.test_iteration7_new_behaviors.TestPublicQrStart" name="test_full_payload_ok" time="0.102" /><testcase classname="backend.tests.test_iteration7_new_behaviors.TestPublicMe" name="test_public_me_returns_contact_no_id" time="0.403" /><testcase classname="backend.tests.test_iteration7_new_behaviors.TestPublicMe" name="test_public_me_invalid_token_401" time="0.100" /><testcase classname="backend.tests.test_iteration7_new_behaviors.TestPublicMe" name="test_public_me_create_quote_404_without_contact" time="0.302" /><testcase classname="backend.tests.test_iteration7_new_behaviors.TestPoSubmitGate" name="test_po_submit_against_sent_quote_400" time="0.528" /><testcase classname="backend.tests.test_iteration7_new_behaviors.TestPoSubmitGate" name="test_po_submit_against_approved_quote_ok" time="0.527" /><testcase classname="backend.tests.test_iteration7_new_behaviors.TestMultiOrderFromQuote" name="test_second_order_via_from_quote_returns_200" time="0.728"><failure message="AssertionError: {&quot;detail&quot;:{&quot;message&quot;:&quot;This quote is already converted to order HRE/ORD/2026-27/0006.&quot;,&quot;order_id&quot;:&quot;64733159-946d-4de4-955d-71cc86a445d5&quot;,&quot;order_number&quot;:&quot;HRE/ORD/2026-27/0006&quot;}}&#10;assert 409 == 200&#10; +  where 409 = &lt;Response [409]&gt;.status_code">E   AssertionError: {"detail":{"message":"This quote is already converted to order HRE/ORD/2026-27/0006.","order_id":"64733159-946d-4de4-955d-71cc86a445d5","order_number":"HRE/ORD/2026-27/0006"}}
    assert 409 == 200
     +  where 409 = &lt;Response [409]&gt;.status_code</failure></testcase><testcase classname="backend.tests.test_iteration7_new_behaviors.TestMultiOrderFromQuote" name="test_convert_to_order_alias_allows_multiple" time="0.735"><failure message="AssertionError: {&quot;detail&quot;:{&quot;message&quot;:&quot;This quote is already converted to order HRE/ORD/2026-27/0007.&quot;,&quot;order_id&quot;:&quot;d0d49fbc-e84d-4848-9971-d9b2a7f1a823&quot;,&quot;order_number&quot;:&quot;HRE/ORD/2026-27/0007&quot;}}&#10;assert 409 == 200&#10; +  where 409 = &lt;Response [409]&gt;.status_code">E   AssertionError: {"detail":{"message":"This quote is already converted to order HRE/ORD/2026-27/0007.","order_id":"d0d49fbc-e84d-4848-9971-d9b2a7f1a823","order_number":"HRE/ORD/2026-27/0007"}}
    assert 409 == 200
     +  where 409 = &lt;Response [409]&gt;.status_code</failure></testcase><testcase classname="backend.tests.test_iteration7_new_behaviors.TestArchiveDelete" name="test_archive_then_filter" time="0.956" /><testcase classname="backend.tests.test_iteration7_new_behaviors.TestArchiveDelete" name="test_delete_quote_without_order_ok" time="0.522" /><testcase classname="backend.tests.test_iteration7_new_behaviors.TestArchiveDelete" name="test_delete_quote_with_order_returns_409" time="0.954" /><testcase classname="backend.tests.test_iteration7_new_behaviors.TestContactDeleteGuards" name="test_delete_contact_without_quote_or_order_ok" time="0.205" /><testcase classname="backend.tests.test_iteration7_new_behaviors.TestContactDeleteGuards" name="test_delete_contact_with_quote_returns_409" time="0.526" /><testcase classname="backend.tests.test_iteration7_new_behaviors.TestContactDeleteGuards" name="test_delete_contact_with_order_returns_409" time="0.919" /><testcase classname="backend.tests.test_iteration7_new_behaviors.TestOrderDelete" name="test_delete_order_admin_ok" time="0.818" /><testcase classname="backend.tests.test_iteration7_new_behaviors.TestOrderDelete" name="test_delete_order_404_for_unknown_id" time="0.106" /><testcase classname="backend.tests.test_iteration7_new_behaviors.TestBotQuoteVisibleInMyQuotes" name="test_phone_norm_parity" time="0.210" /><testcase classname="backend.tests.test_iteration8_hot_leads_seed.TestHotLeads" name="test_unauthenticated_returns_401" time="0.140" /><testcase classname="backend.tests.test_iteration8_hot_leads_seed.TestHotLeads" name="test_hot_leads_shape" time="0.434" /><testcase classname="backend.tests.test_iteration8_hot_leads_seed.TestHotLeads" name="test_hot_leads_field_contract" time="15.227"><skipped type="pytest.skip" message="No hot leads in DB to validate fields">/app/backend/tests/test_iteration8_hot_leads_seed.py:77: No hot leads in DB to validate fields</skipped></testcase><testcase classname="backend.tests.test_iteration8_hot_leads_seed.TestHotLeads" name="test_excludes_approved_rejected_archived" time="0.139" /><testcase classname="backend.tests.test_iteration8_hot_leads_seed.TestHotLeads" name="test_total_matches_list_when_under_25" time="0.097" /><testcase classname="backend.tests.test_iteration8_hot_leads_seed.TestSeedDemoData" name="test_seed_unauth_returns_401" time="0.096" /><testcase classname="backend.tests.test_iteration8_hot_leads_seed.TestSeedDemoData" name="test_seed_manager_forbidden" time="0.106"><skipped type="pytest.skip" message="Could not create manager: 404 {&quot;detail&quot;:&quot;Not Found&quot;}">/app/backend/tests/test_iteration8_hot_leads_seed.py:110: Could not create manager: 404 {"detail":"Not Found"}</skipped></testcase><testcase classname="backend.tests.test_iteration8_hot_leads_seed.TestSeedDemoData" name="test_seed_admin_succeeds" time="0.101" /><testcase classname="backend.tests.test_iteration8_hot_leads_seed.TestSeedDemoData" name="test_seed_is_idempotent_for_contacts" time="0.207" /><testcase classname="backend.tests.test_iteration8_hot_leads_seed.TestSeedDemoData" name="test_seeded_quote_appears_in_hot_leads" time="0.205" /><testcase classname="backend.tests.test_iteration9_phase123.TestAuth" name="test_login_ok" time="0.340" /><testcase classname="backend.tests.test_iteration9_phase123.TestAuth" name="test_login_bad" time="0.323" /><testcase classname="backend.tests.test_iteration9_phase123.TestAuth" name="test_me_requires_token" time="0.099" /><testcase classname="backend.tests.test_iteration9_phase123.TestAuth" name="test_change_password_rejects_wrong_current" time="0.353" /><testcase classname="backend.tests.test_iteration9_phase123.TestAuth" name="test_change_password_rejects_short" time="0.102" /><testcase classname="backend.tests.test_iteration9_phase123.TestAuth" name="test_change_password_rejects_same" time="0.322" /><testcase classname="backend.tests.test_iteration9_phase123.TestDashboard" name="test_stats" time="0.124" /><testcase classname="backend.tests.test_iteration9_phase123.TestDashboard" name="test_hot_leads" time="0.105" /><testcase classname="backend.tests.test_iteration9_phase123.TestDashboard" name="test_priceless_count" time="0.102" /><testcase classname="backend.tests.test_iteration9_phase123.TestDashboard" name="test_seed_demo_idempotent_and_cleanup" time="1.356" /><testcase classname="backend.tests.test_iteration9_phase123.TestSettings" name="test_get_put_integrations" time="0.218" /><testcase classname="backend.tests.test_iteration9_phase123.TestPricing" name="test_toggle_priceless_endpoint" time="0.109" /><testcase classname="backend.tests.test_iteration9_phase123.TestPricing" name="test_sync_family_active" time="0.152" /><testcase classname="backend.tests.test_iteration9_phase123.TestPricing" name="test_upload_excel_two_col_format" time="0.116" /><testcase classname="backend.tests.test_iteration9_phase123.TestPublicGates" name="test_my_quotes_requires_token" time="0.197" /><testcase classname="backend.tests.test_iteration9_phase123.TestPublicGates" name="test_me_requires_token" time="0.251" /><testcase classname="backend.tests.test_iteration9_phase123.TestPublicGates" name="test_me_quote_create_requires_token" time="0.200" /><testcase classname="backend.tests.test_iteration9_phase123.TestGSTLogic" name="test_gujarat_intra_state_cgst_sgst" time="0.932" /><testcase classname="backend.tests.test_iteration9_phase123.TestPhase1LineTracking" name="test_patch_qty_status_ok" time="0.741" /><testcase classname="backend.tests.test_iteration9_phase123.TestPhase1LineTracking" name="test_patch_bad_status" time="0.097" /><testcase classname="backend.tests.test_iteration9_phase123.TestPhase1LineTracking" name="test_patch_bad_date" time="0.108" /><testcase classname="backend.tests.test_iteration9_phase123.TestPhase1LineTracking" name="test_patch_oob_index" time="0.313" /><testcase classname="backend.tests.test_iteration9_phase123.TestPhase2UniversalNotify" name="test_presets_list" time="0.096" /><testcase classname="backend.tests.test_iteration9_phase123.TestPhase2UniversalNotify" name="test_notify_endpoint_structure" time="0.934" /><testcase classname="backend.tests.test_iteration9_phase123.TestPhase3Shipments" name="test_create_shipment" time="0.714" /><testcase classname="backend.tests.test_iteration9_phase123.TestPhase3Shipments" name="test_duplicate_line_400" time="0.102" /><testcase classname="backend.tests.test_iteration9_phase123.TestPhase3Shipments" name="test_dispatch_without_docs_400" time="0.100" /><testcase classname="backend.tests.test_iteration9_phase123.TestPhase3Shipments" name="test_upload_tax_invoice_flips_invoiced" time="0.111" /><testcase classname="backend.tests.test_iteration9_phase123.TestPhase3Shipments" name="test_upload_eway_and_dispatch_flips_shipped" time="0.205" /><testcase classname="backend.tests.test_iteration9_phase123.TestPhase3Shipments" name="test_delete_dispatched_400" time="0.102" /><testcase classname="backend.tests.test_iteration9_phase123.TestPhase3Shipments" name="test_deliver_flips_delivered" time="0.355" /><testcase classname="backend.tests.test_iteration9_phase123.TestSecurity" name="test_orders_requires_admin_token" time="0.103" /><testcase classname="backend.tests.test_iteration9_phase123.TestSecurity" name="test_uploads_no_directory_listing" time="0.098" /><testcase classname="backend.tests.test_orders_router_refactor" name="test_orders_list_route_mounted" time="0.433" /><testcase classname="backend.tests.test_orders_router_refactor" name="test_orders_list_filter_by_stage" time="0.098" /><testcase classname="backend.tests.test_orders_router_refactor" name="test_orders_list_search_q" time="0.104" /><testcase classname="backend.tests.test_orders_router_refactor" name="test_orders_list_unauthenticated_rejected" time="0.113" /><testcase classname="backend.tests.test_orders_router_refactor" name="test_orders_get_404" time="0.103" /><testcase classname="backend.tests.test_orders_router_refactor" name="test_advance_unknown_stage_rejected" time="0.212" /><testcase classname="backend.tests.test_orders_router_refactor" name="test_expected_completion_bad_date_format" time="0.211" /><testcase classname="backend.tests.test_orders_router_refactor" name="test_raw_material_status_invalid_rejected" time="0.205" /><testcase classname="backend.tests.test_orders_router_refactor" name="test_production_update_empty_note_rejected" time="0.219" /><testcase classname="backend.tests.test_orders_router_refactor" name="test_refire_notification_404_for_unknown_order" time="0.104" /><testcase classname="backend.tests.test_orders_router_refactor" name="test_from_quote_unknown_quote" time="0.109" /><testcase classname="backend.tests.test_orders_router_refactor" name="test_delete_order_404" time="0.098" /><testcase classname="backend.tests.test_orders_router_refactor" name="test_orders_list_no_mongo_id_leak" time="0.113" /><testcase classname="backend.tests.test_orders_router_refactor" name="test_sibling_routers_still_mounted[/api/materials]" time="0.099" /><testcase classname="backend.tests.test_orders_router_refactor" name="test_sibling_routers_still_mounted[/api/categories]" time="0.103" /><testcase classname="backend.tests.test_orders_router_refactor" name="test_sibling_routers_still_mounted[/api/dashboard/stats]" time="0.115" /><testcase classname="backend.tests.test_orders_router_refactor" name="test_sibling_routers_still_mounted[/api/families]" time="0.102" /><testcase classname="backend.tests.test_orders_router_refactor" name="test_sibling_routers_still_mounted[/api/contacts]" time="0.101" /><testcase classname="backend.tests.test_orders_router_refactor" name="test_sibling_routers_still_mounted[/api/quotations]" time="0.102" /><testcase classname="backend.tests.test_phase2a_crm_quotations.TestContacts" name="test_create_contact" time="0.495" /><testcase classname="backend.tests.test_phase2a_crm_quotations.TestContacts" name="test_upsert_by_email" time="0.048" /><testcase classname="backend.tests.test_phase2a_crm_quotations.TestContacts" name="test_upsert_by_phone" time="0.050" /><testcase classname="backend.tests.test_phase2a_crm_quotations.TestContacts" name="test_search_q" time="0.045" /><testcase classname="backend.tests.test_phase2a_crm_quotations.TestContacts" name="test_search_q_email" time="0.046" /><testcase classname="backend.tests.test_phase2a_crm_quotations.TestContacts" name="test_filter_source" time="0.046" /><testcase classname="backend.tests.test_phase2a_crm_quotations.TestContacts" name="test_get_contact_by_id" time="0.046" /><testcase classname="backend.tests.test_phase2a_crm_quotations.TestContacts" name="test_get_contact_404" time="0.045" /><testcase classname="backend.tests.test_phase2a_crm_quotations.TestContacts" name="test_update_contact" time="0.094" /><testcase classname="backend.tests.test_phase2a_crm_quotations.TestContacts" name="test_employee_cannot_delete_contact" time="0.649" /><testcase classname="backend.tests.test_phase2a_crm_quotations.TestContacts" name="test_employee_can_create_contact" time="0.101" /><testcase classname="backend.tests.test_phase2a_crm_quotations.TestQuoteNumbering" name="test_next_number_preview_format" time="0.047" /><testcase classname="backend.tests.test_phase2a_crm_quotations.TestQuoteNumbering" name="test_create_quote_uses_preview_and_increments" time="0.283" /><testcase classname="backend.tests.test_phase2a_crm_quotations.TestQuoteNumbering" name="test_quote_number_increments_per_fy" time="0.047" /><testcase classname="backend.tests.test_phase2a_crm_quotations.TestQuotationsCRUD" name="test_list_quotations" time="0.047" /><testcase classname="backend.tests.test_phase2a_crm_quotations.TestQuotationsCRUD" name="test_list_filter_status" time="0.045" /><testcase classname="backend.tests.test_phase2a_crm_quotations.TestQuotationsCRUD" name="test_list_filter_contact" time="0.050" /><testcase classname="backend.tests.test_phase2a_crm_quotations.TestQuotationsCRUD" name="test_list_search_q" time="0.045" /><testcase classname="backend.tests.test_phase2a_crm_quotations.TestQuotationsCRUD" name="test_get_quote_by_id" time="0.047" /><testcase classname="backend.tests.test_phase2a_crm_quotations.TestQuotationsCRUD" name="test_get_quote_404" time="0.047" /><testcase classname="backend.tests.test_phase2a_crm_quotations.TestQuotationsCRUD" name="test_update_draft_recalculates" time="0.047" /><testcase classname="backend.tests.test_phase2a_crm_quotations.TestQuoteStatusFlow" name="test_change_status_sent_records_timestamp" time="0.048" /><testcase classname="backend.tests.test_phase2a_crm_quotations.TestQuoteStatusFlow" name="test_change_status_approved_records_timestamp" time="0.047" /><testcase classname="backend.tests.test_phase2a_crm_quotations.TestQuoteStatusFlow" name="test_update_approved_returns_400" time="0.048" /><testcase classname="backend.tests.test_phase2a_crm_quotations.TestQuoteStatusFlow" name="test_invalid_status_returns_400" time="0.061" /><testcase classname="backend.tests.test_phase2a_crm_quotations.TestQuoteStatusFlow" name="test_change_status_rejected_records_timestamp" time="0.047" /><testcase classname="backend.tests.test_phase2a_crm_quotations.TestQuoteStatusFlow" name="test_update_rejected_returns_400" time="0.049" /><testcase classname="backend.tests.test_phase2a_crm_quotations.TestQuoteRevise" name="test_revise_creates_v2" time="0.093" /><testcase classname="backend.tests.test_phase2a_crm_quotations.TestContactQuotations" name="test_contact_quotations_history" time="0.047" /><testcase classname="backend.tests.test_phase2a_crm_quotations.TestQuoteDashboard" name="test_dashboard_quote_stats" time="0.052" /><testcase classname="backend.tests.test_phase2a_crm_quotations.TestRoleEnforcement" name="test_employee_cannot_create_quote" time="0.136" /><testcase classname="backend.tests.test_phase2a_crm_quotations.TestRoleEnforcement" name="test_employee_cannot_delete_quote" time="0.101" /><testcase classname="backend.tests.test_phase2a_crm_quotations.TestZCleanup" name="test_admin_delete_quote" time="0.278" /><testcase classname="backend.tests.test_phase2a_crm_quotations.TestZCleanup" name="test_admin_delete_contact" time="0.095" /><testcase classname="backend.tests.test_phase2bc_dispatch_orders.TestIntegrationsSettings" name="test_get_integrations" time="0.422" /><testcase classname="backend.tests.test_phase2bc_dispatch_orders.TestIntegrationsSettings" name="test_update_integrations_persists" time="0.090" /><testcase classname="backend.tests.test_phase2bc_dispatch_orders.TestQuoteDispatch" name="test_send_quote_graceful_without_creds" time="1.612" /><testcase classname="backend.tests.test_phase2bc_dispatch_orders.TestQuoteDispatch" name="test_pdf_endpoint_returns_file" time="1.387" /><testcase classname="backend.tests.test_phase2bc_dispatch_orders.TestQuoteDispatch" name="test_dispatch_log_and_no_id_leak" time="0.044" /><testcase classname="backend.tests.test_phase2bc_dispatch_orders.TestWebhooks" name="test_email_open_pixel_returns_gif" time="0.099" /><testcase classname="backend.tests.test_phase2bc_dispatch_orders.TestWebhooks" name="test_email_open_with_unknown_token_still_returns_pixel" time="0.099" /><testcase classname="backend.tests.test_phase2bc_dispatch_orders.TestWebhooks" name="test_bizchat_webhook_requires_secret" time="0.104" /><testcase classname="backend.tests.test_phase2bc_dispatch_orders.TestWebhooks" name="test_bizchat_webhook_wrong_secret" time="0.107" /><testcase classname="backend.tests.test_phase2bc_dispatch_orders.TestWebhooks" name="test_bizchat_webhook_get_healthcheck" time="0.101" /><testcase classname="backend.tests.test_phase2bc_dispatch_orders.TestWebhooks" name="test_bizchat_webhook_post_sample_payload" time="0.110" /><testcase classname="backend.tests.test_phase2bc_dispatch_orders.TestOrders" name="test_approve_quote_first" time="0.047" /><testcase classname="backend.tests.test_phase2bc_dispatch_orders.TestOrders" name="test_convert_to_order" time="0.051" /><testcase classname="backend.tests.test_phase2bc_dispatch_orders.TestOrders" name="test_duplicate_convert_creates_another_order" time="0.046"><failure message="AssertionError: {&quot;detail&quot;:{&quot;message&quot;:&quot;This quote is already converted to order HRE/ORD/2026-27/0008.&quot;,&quot;order_id&quot;:&quot;6af4a3ec-dbfa-4462-92cd-42c2dda9bfa3&quot;,&quot;order_number&quot;:&quot;HRE/ORD/2026-27/0008&quot;}}&#10;assert 409 == 200&#10; +  where 409 = &lt;Response [409]&gt;.status_code">E   AssertionError: {"detail":{"message":"This quote is already converted to order HRE/ORD/2026-27/0008.","order_id":"6af4a3ec-dbfa-4462-92cd-42c2dda9bfa3","order_number":"HRE/ORD/2026-27/0008"}}
    assert 409 == 200
     +  where 409 = &lt;Response [409]&gt;.status_code</failure></testcase><testcase classname="backend.tests.test_phase2bc_dispatch_orders.TestOrders" name="test_convert_to_order_alias_works" time="0.047"><failure message="AssertionError: {&quot;detail&quot;:{&quot;message&quot;:&quot;This quote is already converted to order HRE/ORD/2026-27/0008.&quot;,&quot;order_id&quot;:&quot;6af4a3ec-dbfa-4462-92cd-42c2dda9bfa3&quot;,&quot;order_number&quot;:&quot;HRE/ORD/2026-27/0008&quot;}}&#10;assert 409 == 200&#10; +  where 409 = &lt;Response [409]&gt;.status_code">E   AssertionError: {"detail":{"message":"This quote is already converted to order HRE/ORD/2026-27/0008.","order_id":"6af4a3ec-dbfa-4462-92cd-42c2dda9bfa3","order_number":"HRE/ORD/2026-27/0008"}}
    assert 409 == 200
     +  where 409 = &lt;Response [409]&gt;.status_code</failure></testcase><testcase classname="backend.tests.test_phase2bc_dispatch_orders.TestOrders" name="test_list_orders" time="0.054" /><testcase classname="backend.tests.test_phase2bc_dispatch_orders.TestOrders" name="test_list_orders_search_filter" time="0.043" /><testcase classname="backend.tests.test_phase2bc_dispatch_orders.TestOrders" name="test_get_order_detail" time="0.045" /><testcase classname="backend.tests.test_phase2bc_dispatch_orders.TestOrders" name="test_advance_stage_po_received" time="0.046" /><testcase classname="backend.tests.test_phase2bc_dispatch_orders.TestOrders" name="test_advance_invalid_stage_rejected" time="0.044" /><testcase classname="backend.tests.test_phase2bc_dispatch_orders.TestOrders" name="test_generate_proforma" time="1.350" /><testcase classname="backend.tests.test_phase2bc_dispatch_orders.TestOrders" name="test_advance_through_production_stages" time="0.235"><failure message="AssertionError: Advance to dispatched failed: {&quot;detail&quot;:&quot;Cannot move to Dispatched — missing required document(s): Tax Invoice, E-way Bill. Please upload all required files first.&quot;}&#10;assert 400 == 200&#10; +  where 400 = &lt;Response [400]&gt;.status_code">E   AssertionError: Advance to dispatched failed: {"detail":"Cannot move to Dispatched — missing required document(s): Tax Invoice, E-way Bill. Please upload all required files first."}
    assert 400 == 200
     +  where 400 = &lt;Response [400]&gt;.status_code</failure></testcase><testcase classname="backend.tests.test_phase2bc_dispatch_orders.TestOrders" name="test_production_update_endpoint" time="0.047" /><testcase classname="backend.tests.test_phase2bc_dispatch_orders.TestOrders" name="test_production_update_empty_rejected" time="0.045" /><testcase classname="backend.tests.test_phase2bc_dispatch_orders.TestRegressionPhase1" name="test_materials_list" time="0.044" /><testcase classname="backend.tests.test_phase2bc_dispatch_orders.TestRegressionPhase1" name="test_families_list" time="0.047" /><testcase classname="backend.tests.test_phase2bc_dispatch_orders.TestRegressionPhase1" name="test_variants_list" time="0.122" /><testcase classname="backend.tests.test_phase2bc_dispatch_orders.TestZCleanup" name="test_delete_order" time="0.044" /><testcase classname="backend.tests.test_phase2bc_dispatch_orders.TestZCleanup" name="test_delete_quote" time="0.043" /><testcase classname="backend.tests.test_phase2bc_dispatch_orders.TestZCleanup" name="test_delete_contact" time="0.046" /><testcase classname="backend.tests.test_phase2d_customer_po_submit.TestADraftQuoteRejected" name="test_login_and_get_token" time="1.119" /><testcase classname="backend.tests.test_phase2d_customer_po_submit.TestADraftQuoteRejected" name="test_submit_po_against_draft_quote_400" time="0.105" /><testcase classname="backend.tests.test_phase2d_customer_po_submit.TestBPromoteQuoteToSent" name="test_send_quote" time="1.484" /><testcase classname="backend.tests.test_phase2d_customer_po_submit.TestCAuthAndValidation" name="test_invalid_token_401" time="0.099" /><testcase classname="backend.tests.test_phase2d_customer_po_submit.TestCAuthAndValidation" name="test_missing_token_422" time="0.106" /><testcase classname="backend.tests.test_phase2d_customer_po_submit.TestCAuthAndValidation" name="test_forged_token_403" time="0.102" /><testcase classname="backend.tests.test_phase2d_customer_po_submit.TestCAuthAndValidation" name="test_both_empty_400" time="0.108" /><testcase classname="backend.tests.test_phase2d_customer_po_submit.TestDInstructionsOnly" name="test_instructions_only_creates_order_in_pending_po" time="0.103" /><testcase classname="backend.tests.test_phase2d_customer_po_submit.TestDInstructionsOnly" name="test_admin_can_see_order_with_customer_po_flag" time="0.051" /><testcase classname="backend.tests.test_phase2d_customer_po_submit.TestEIdempotency" name="test_second_submit_attaches_to_same_order" time="0.108" /><testcase classname="backend.tests.test_phase2d_customer_po_submit.TestFPdfWithInstructions" name="test_pdf_file_uploaded_and_recorded" time="0.108" /><testcase classname="backend.tests.test_phase2d_customer_po_submit.TestFPdfWithInstructions" name="test_admin_sees_pdf_metadata" time="0.045" /><testcase classname="backend.tests.test_phase2d_customer_po_submit.TestGPublicSummary" name="test_my_quotes_carries_order_summary" time="0.101" /><testcase classname="backend.tests.test_phase2d_customer_po_submit.TestHIntegrationsExtraFields" name="test_put_persists_new_fields" time="0.139" /><testcase classname="backend.tests.test_phase2d_customer_po_submit.TestIGracefulNotification" name="test_submit_po_returns_admin_notified_false_no_500" time="0.105" /><testcase classname="backend.tests.test_phase2d_customer_po_submit.TestZCleanup" name="test_delete_order" time="0.043" /><testcase classname="backend.tests.test_phase2d_customer_po_submit.TestZCleanup" name="test_delete_quote" time="0.044" /><testcase classname="backend.tests.test_phase2d_customer_po_submit.TestZCleanup" name="test_delete_contacts" time="0.100" /><testcase classname="backend.tests.test_phase2e_dual_channel_otp.TestADeliveryLabel" name="test_label_matrix" time="0.000" /><testcase classname="backend.tests.test_phase2e_dual_channel_otp.TestBBothDisabled" name="test_send_otp_disabled_returns_dev" time="0.539" /><testcase classname="backend.tests.test_phase2e_dual_channel_otp.TestBBothDisabled" name="test_verify_after_dev_send" time="0.212" /><testcase classname="backend.tests.test_phase2e_dual_channel_otp.TestCSmtpOnly" name="test_smtp_enabled_email_error_surfaces" time="0.230" /><testcase classname="backend.tests.test_phase2e_dual_channel_otp.TestDWhatsAppOnly" name="test_wa_enabled_no_template" time="0.168" /><testcase classname="backend.tests.test_phase2e_dual_channel_otp.TestDWhatsAppOnly" name="test_wa_enabled_with_template_bizchat_permissive" time="20.158" /><testcase classname="backend.tests.test_phase2e_dual_channel_otp.TestEBothEnabledMixed" name="test_both_enabled_wa_succeeds_smtp_fails" time="20.241" /><testcase classname="backend.tests.test_phase2e_dual_channel_otp.TestFLoginStart" name="test_known_contact_returns_email_hint" time="0.186" /><testcase classname="backend.tests.test_phase2e_dual_channel_otp.TestFLoginStart" name="test_unknown_phone_no_email_hint" time="0.085" /><testcase classname="backend.tests.test_phase2e_dual_channel_otp.TestFLoginStart" name="test_invalid_phone_400" time="0.081" /><testcase classname="backend.tests.test_phase2e_dual_channel_otp.TestGDevOtpGating" name="test_placeholder" time="0.000"><skipped type="pytest.skip" message="In-process TestClient + motor cross-loop issue; gating is validated end-to-end via TestD/TestE against the live BizChatAPI.">/app/backend/tests/test_phase2e_dual_channel_otp.py:319: In-process TestClient + motor cross-loop issue; gating is validated end-to-end via TestD/TestE against the live BizChatAPI.</skipped></testcase><testcase classname="backend.tests.test_phase2e_dual_channel_otp.TestZCleanup" name="test_restore_settings" time="0.044" /><testcase classname="backend.tests.test_whatsapp_bot_flow" name="test_size_parser" time="0.001" /><testcase classname="backend.tests.test_whatsapp_bot_flow" name="test_parse_inbound_real_bizchat_list_reply" time="0.001" /><testcase classname="backend.tests.test_whatsapp_bot_flow" name="test_handoff_keyword_short_circuits" time="0.001"><failure message="RuntimeError: There is no current event loop in thread 'MainThread'.">E   RuntimeError: There is no current event loop in thread 'MainThread'.</failure></testcase><testcase classname="backend.tests.test_whatsapp_bot_flow" name="test_full_flow_to_proforma" time="0.062"><failure message="RuntimeError: There is no current event loop in thread 'MainThread'.">E   RuntimeError: There is no current event loop in thread 'MainThread'.</failure></testcase><testcase classname="backend.tests.test_whatsapp_bot_flow" name="test_dim_helpers_pick_distinguishing_keys_and_format" time="0.001" /><testcase classname="backend.tests.test_whatsapp_bot_flow" name="test_pick_family_sends_product_and_dimension_images" time="0.001"><failure message="RuntimeError: There is no current event loop in thread 'MainThread'.">E   RuntimeError: There is no current event loop in thread 'MainThread'.</failure></testcase><testcase classname="backend.tests.test_whatsapp_bot_flow" name="test_remove_from_cart_flow" time="0.004"><failure message="RuntimeError: There is no current event loop in thread 'MainThread'.">E   RuntimeError: There is no current event loop in thread 'MainThread'.</failure></testcase></testsuite></testsuites>