<?xml version="1.0" encoding="utf-8"?><testsuites name="pytest tests"><testsuite name="pytest" errors="0" failures="0" skipped="1" tests="8" time="1.723" timestamp="2026-07-22T14:23:42.840467+00:00" hostname="agent-env-c245f190-e375-431c-91c8-cc0f1fcb5d9e"><testcase classname="backend.tests.test_iteration18_state_button_audit.TestConvertToOrderGuard" name="test_existing_converted_quote_has_order_id" time="0.696" /><testcase classname="backend.tests.test_iteration18_state_button_audit.TestConvertToOrderGuard" name="test_convert_to_order_returns_409_when_already_converted" time="0.168" /><testcase classname="backend.tests.test_iteration18_state_button_audit.TestConvertToOrderGuard" name="test_backfill_sanity_every_order_has_quote_back_link" time="0.106" /><testcase classname="backend.tests.test_iteration18_state_button_audit.TestDeleteGuards" name="test_delete_quotation_blocked_when_order_exists" time="0.110" /><testcase classname="backend.tests.test_iteration18_state_button_audit.TestDeleteGuards" name="test_delete_contact_blocked_when_linked" time="0.110" /><testcase classname="backend.tests.test_iteration18_state_button_audit.TestConvertRejectsBadStatus" name="test_convert_rejects_draft_quote" time="0.224" /><testcase classname="backend.tests.test_iteration18_state_button_audit.TestShipmentGuards" name="test_shipment_dispatch_requires_docs" time="0.057"><skipped type="pytest.skip" message="no draft shipment without tax_invoice available">/app/backend/tests/test_iteration18_state_button_audit.py:197: no draft shipment without tax_invoice available</skipped></testcase><testcase classname="backend.tests.test_iteration18_state_button_audit.TestPublicQuotesFiltering" name="test_my_quotes_filters_draft" time="0.152" /></testsuite></testsuites>