<?xml version="1.0" encoding="utf-8"?><testsuites name="pytest tests"><testsuite name="pytest" errors="0" failures="0" skipped="1" tests="6" time="3.689" timestamp="2026-07-22T13:06:23.440670+00:00" hostname="agent-env-c245f190-e375-431c-91c8-cc0f1fcb5d9e"><testcase classname="backend.tests.test_iteration13_date_format_ddmmyyyy" name="test_quote_pdf_format_uses_slash_and_4digit_year" time="0.001" /><testcase classname="backend.tests.test_iteration13_date_format_ddmmyyyy" name="test_server_py_strftime_uses_slash" time="0.001" /><testcase classname="backend.tests.test_iteration13_date_format_ddmmyyyy" name="test_dispatch_py_strftime_uses_slash" time="0.000" /><testcase classname="backend.tests.test_iteration13_date_format_ddmmyyyy" name="test_format_date_dmy_helper" time="0.767" /><testcase classname="backend.tests.test_iteration13_date_format_ddmmyyyy" name="test_quotations_list_ok" time="0.624" /><testcase classname="backend.tests.test_iteration13_date_format_ddmmyyyy" name="test_quotation_pdf_download_contains_slash_dates" time="2.231"><skipped type="pytest.skip" message="pdfplumber not installed — content-level slash check skipped">/app/backend/tests/test_iteration13_date_format_ddmmyyyy.py:113: pdfplumber not installed — content-level slash check skipped</skipped></testcase></testsuite></testsuites>