<?xml version="1.0" encoding="utf-8"?><testsuites name="pytest tests"><testsuite name="pytest" errors="0" failures="0" skipped="0" tests="63" time="12.669" timestamp="2026-05-06T11:58:42.492858+00:00" hostname="agent-env-39401cb7-22c2-40a2-b42c-dffc4af804a7"><testcase classname="backend.tests.test_phase2bc_dispatch_orders.TestIntegrationsSettings" name="test_get_integrations" time="0.519" /><testcase classname="backend.tests.test_phase2bc_dispatch_orders.TestIntegrationsSettings" name="test_update_integrations_persists" time="0.117" /><testcase classname="backend.tests.test_phase2bc_dispatch_orders.TestQuoteDispatch" name="test_send_quote_graceful_without_creds" time="1.606" /><testcase classname="backend.tests.test_phase2bc_dispatch_orders.TestQuoteDispatch" name="test_pdf_endpoint_returns_file" time="1.616" /><testcase classname="backend.tests.test_phase2bc_dispatch_orders.TestQuoteDispatch" name="test_dispatch_log_and_no_id_leak" time="0.068" /><testcase classname="backend.tests.test_phase2bc_dispatch_orders.TestWebhooks" name="test_email_open_pixel_returns_gif" time="0.128" /><testcase classname="backend.tests.test_phase2bc_dispatch_orders.TestWebhooks" name="test_email_open_with_unknown_token_still_returns_pixel" time="0.116" /><testcase classname="backend.tests.test_phase2bc_dispatch_orders.TestWebhooks" name="test_bizchat_webhook_requires_secret" time="0.111" /><testcase classname="backend.tests.test_phase2bc_dispatch_orders.TestWebhooks" name="test_bizchat_webhook_wrong_secret" time="0.142" /><testcase classname="backend.tests.test_phase2bc_dispatch_orders.TestWebhooks" name="test_bizchat_webhook_get_healthcheck" time="0.161" /><testcase classname="backend.tests.test_phase2bc_dispatch_orders.TestWebhooks" name="test_bizchat_webhook_post_sample_payload" time="0.113" /><testcase classname="backend.tests.test_phase2bc_dispatch_orders.TestOrders" name="test_approve_quote_first" time="0.160" /><testcase classname="backend.tests.test_phase2bc_dispatch_orders.TestOrders" name="test_convert_to_order" time="0.078" /><testcase classname="backend.tests.test_phase2bc_dispatch_orders.TestOrders" name="test_duplicate_convert_rejected" time="0.055" /><testcase classname="backend.tests.test_phase2bc_dispatch_orders.TestOrders" name="test_list_orders" time="0.065" /><testcase classname="backend.tests.test_phase2bc_dispatch_orders.TestOrders" name="test_list_orders_search_filter" time="0.070" /><testcase classname="backend.tests.test_phase2bc_dispatch_orders.TestOrders" name="test_get_order_detail" time="0.069" /><testcase classname="backend.tests.test_phase2bc_dispatch_orders.TestOrders" name="test_advance_stage_po_received" time="0.069" /><testcase classname="backend.tests.test_phase2bc_dispatch_orders.TestOrders" name="test_advance_invalid_stage_rejected" time="0.067" /><testcase classname="backend.tests.test_phase2bc_dispatch_orders.TestOrders" name="test_generate_proforma" time="1.356" /><testcase classname="backend.tests.test_phase2bc_dispatch_orders.TestOrders" name="test_advance_through_production_stages" time="0.540" /><testcase classname="backend.tests.test_phase2bc_dispatch_orders.TestOrders" name="test_production_update_endpoint" time="0.066" /><testcase classname="backend.tests.test_phase2bc_dispatch_orders.TestOrders" name="test_production_update_empty_rejected" time="0.067" /><testcase classname="backend.tests.test_phase2bc_dispatch_orders.TestRegressionPhase1" name="test_materials_list" time="0.066" /><testcase classname="backend.tests.test_phase2bc_dispatch_orders.TestRegressionPhase1" name="test_families_list" time="0.068" /><testcase classname="backend.tests.test_phase2bc_dispatch_orders.TestRegressionPhase1" name="test_variants_list" time="0.082" /><testcase classname="backend.tests.test_phase2bc_dispatch_orders.TestZCleanup" name="test_delete_order" time="0.078" /><testcase classname="backend.tests.test_phase2bc_dispatch_orders.TestZCleanup" name="test_delete_quote" time="0.071" /><testcase classname="backend.tests.test_phase2bc_dispatch_orders.TestZCleanup" name="test_delete_contact" time="0.061" /><testcase classname="backend.tests.test_phase2a_crm_quotations.TestContacts" name="test_create_contact" time="0.582" /><testcase classname="backend.tests.test_phase2a_crm_quotations.TestContacts" name="test_upsert_by_email" time="0.070" /><testcase classname="backend.tests.test_phase2a_crm_quotations.TestContacts" name="test_upsert_by_phone" time="0.068" /><testcase classname="backend.tests.test_phase2a_crm_quotations.TestContacts" name="test_search_q" time="0.067" /><testcase classname="backend.tests.test_phase2a_crm_quotations.TestContacts" name="test_search_q_email" time="0.062" /><testcase classname="backend.tests.test_phase2a_crm_quotations.TestContacts" name="test_filter_source" time="0.066" /><testcase classname="backend.tests.test_phase2a_crm_quotations.TestContacts" name="test_get_contact_by_id" time="0.060" /><testcase classname="backend.tests.test_phase2a_crm_quotations.TestContacts" name="test_get_contact_404" time="0.072" /><testcase classname="backend.tests.test_phase2a_crm_quotations.TestContacts" name="test_update_contact" time="0.113" /><testcase classname="backend.tests.test_phase2a_crm_quotations.TestContacts" name="test_employee_cannot_delete_contact" time="0.822" /><testcase classname="backend.tests.test_phase2a_crm_quotations.TestContacts" name="test_employee_can_create_contact" time="0.116" /><testcase classname="backend.tests.test_phase2a_crm_quotations.TestQuoteNumbering" name="test_next_number_preview_format" time="0.048" /><testcase classname="backend.tests.test_phase2a_crm_quotations.TestQuoteNumbering" name="test_create_quote_uses_preview_and_increments" time="0.260" /><testcase classname="backend.tests.test_phase2a_crm_quotations.TestQuoteNumbering" name="test_quote_number_increments_per_fy" time="0.063" /><testcase classname="backend.tests.test_phase2a_crm_quotations.TestQuotationsCRUD" name="test_list_quotations" time="0.073" /><testcase classname="backend.tests.test_phase2a_crm_quotations.TestQuotationsCRUD" name="test_list_filter_status" time="0.077" /><testcase classname="backend.tests.test_phase2a_crm_quotations.TestQuotationsCRUD" name="test_list_filter_contact" time="0.070" /><testcase classname="backend.tests.test_phase2a_crm_quotations.TestQuotationsCRUD" name="test_list_search_q" time="0.075" /><testcase classname="backend.tests.test_phase2a_crm_quotations.TestQuotationsCRUD" name="test_get_quote_by_id" time="0.074" /><testcase classname="backend.tests.test_phase2a_crm_quotations.TestQuotationsCRUD" name="test_get_quote_404" time="0.069" /><testcase classname="backend.tests.test_phase2a_crm_quotations.TestQuotationsCRUD" name="test_update_draft_recalculates" time="0.087" /><testcase classname="backend.tests.test_phase2a_crm_quotations.TestQuoteStatusFlow" name="test_change_status_sent_records_timestamp" time="0.079" /><testcase classname="backend.tests.test_phase2a_crm_quotations.TestQuoteStatusFlow" name="test_change_status_approved_records_timestamp" time="0.082" /><testcase classname="backend.tests.test_phase2a_crm_quotations.TestQuoteStatusFlow" name="test_update_approved_returns_400" time="0.078" /><testcase classname="backend.tests.test_phase2a_crm_quotations.TestQuoteStatusFlow" name="test_invalid_status_returns_400" time="0.074" /><testcase classname="backend.tests.test_phase2a_crm_quotations.TestQuoteStatusFlow" name="test_change_status_rejected_records_timestamp" time="0.082" /><testcase classname="backend.tests.test_phase2a_crm_quotations.TestQuoteStatusFlow" name="test_update_rejected_returns_400" time="0.080" /><testcase classname="backend.tests.test_phase2a_crm_quotations.TestQuoteRevise" name="test_revise_creates_v2" time="0.155" /><testcase classname="backend.tests.test_phase2a_crm_quotations.TestContactQuotations" name="test_contact_quotations_history" time="0.076" /><testcase classname="backend.tests.test_phase2a_crm_quotations.TestQuoteDashboard" name="test_dashboard_quote_stats" time="0.078" /><testcase classname="backend.tests.test_phase2a_crm_quotations.TestRoleEnforcement" name="test_employee_cannot_create_quote" time="0.164" /><testcase classname="backend.tests.test_phase2a_crm_quotations.TestRoleEnforcement" name="test_employee_cannot_delete_quote" time="0.164" /><testcase classname="backend.tests.test_phase2a_crm_quotations.TestZCleanup" name="test_admin_delete_quote" time="0.505" /><testcase classname="backend.tests.test_phase2a_crm_quotations.TestZCleanup" name="test_admin_delete_contact" time="0.175" /></testsuite></testsuites>