<?xml version="1.0" encoding="utf-8"?><testsuites name="pytest tests"><testsuite name="pytest" errors="0" failures="0" skipped="0" tests="34" time="3.946" timestamp="2026-04-29T07:29:03.531971+00:00" hostname="agent-env-52c7462f-54bc-4afb-b84a-b1672756369f"><testcase classname="backend.tests.test_phase2a_crm_quotations.TestContacts" name="test_create_contact" time="0.671" /><testcase classname="backend.tests.test_phase2a_crm_quotations.TestContacts" name="test_upsert_by_email" time="0.054" /><testcase classname="backend.tests.test_phase2a_crm_quotations.TestContacts" name="test_upsert_by_phone" time="0.065" /><testcase classname="backend.tests.test_phase2a_crm_quotations.TestContacts" name="test_search_q" time="0.054" /><testcase classname="backend.tests.test_phase2a_crm_quotations.TestContacts" name="test_search_q_email" time="0.047" /><testcase classname="backend.tests.test_phase2a_crm_quotations.TestContacts" name="test_filter_source" time="0.062" /><testcase classname="backend.tests.test_phase2a_crm_quotations.TestContacts" name="test_get_contact_by_id" time="0.050" /><testcase classname="backend.tests.test_phase2a_crm_quotations.TestContacts" name="test_get_contact_404" time="0.046" /><testcase classname="backend.tests.test_phase2a_crm_quotations.TestContacts" name="test_update_contact" time="0.106" /><testcase classname="backend.tests.test_phase2a_crm_quotations.TestContacts" name="test_employee_cannot_delete_contact" time="0.719" /><testcase classname="backend.tests.test_phase2a_crm_quotations.TestContacts" name="test_employee_can_create_contact" time="0.101" /><testcase classname="backend.tests.test_phase2a_crm_quotations.TestQuoteNumbering" name="test_next_number_preview_format" time="0.053" /><testcase classname="backend.tests.test_phase2a_crm_quotations.TestQuoteNumbering" name="test_create_quote_uses_preview_and_increments" time="0.239" /><testcase classname="backend.tests.test_phase2a_crm_quotations.TestQuoteNumbering" name="test_quote_number_increments_per_fy" time="0.049" /><testcase classname="backend.tests.test_phase2a_crm_quotations.TestQuotationsCRUD" name="test_list_quotations" time="0.062" /><testcase classname="backend.tests.test_phase2a_crm_quotations.TestQuotationsCRUD" name="test_list_filter_status" time="0.048" /><testcase classname="backend.tests.test_phase2a_crm_quotations.TestQuotationsCRUD" name="test_list_filter_contact" time="0.050" /><testcase classname="backend.tests.test_phase2a_crm_quotations.TestQuotationsCRUD" name="test_list_search_q" time="0.055" /><testcase classname="backend.tests.test_phase2a_crm_quotations.TestQuotationsCRUD" name="test_get_quote_by_id" time="0.052" /><testcase classname="backend.tests.test_phase2a_crm_quotations.TestQuotationsCRUD" name="test_get_quote_404" time="0.052" /><testcase classname="backend.tests.test_phase2a_crm_quotations.TestQuotationsCRUD" name="test_update_draft_recalculates" time="0.050" /><testcase classname="backend.tests.test_phase2a_crm_quotations.TestQuoteStatusFlow" name="test_change_status_sent_records_timestamp" time="0.050" /><testcase classname="backend.tests.test_phase2a_crm_quotations.TestQuoteStatusFlow" name="test_change_status_approved_records_timestamp" time="0.050" /><testcase classname="backend.tests.test_phase2a_crm_quotations.TestQuoteStatusFlow" name="test_update_approved_returns_400" time="0.048" /><testcase classname="backend.tests.test_phase2a_crm_quotations.TestQuoteStatusFlow" name="test_invalid_status_returns_400" time="0.049" /><testcase classname="backend.tests.test_phase2a_crm_quotations.TestQuoteStatusFlow" name="test_change_status_rejected_records_timestamp" time="0.049" /><testcase classname="backend.tests.test_phase2a_crm_quotations.TestQuoteStatusFlow" name="test_update_rejected_returns_400" time="0.048" /><testcase classname="backend.tests.test_phase2a_crm_quotations.TestQuoteRevise" name="test_revise_creates_v2" time="0.118" /><testcase classname="backend.tests.test_phase2a_crm_quotations.TestContactQuotations" name="test_contact_quotations_history" time="0.052" /><testcase classname="backend.tests.test_phase2a_crm_quotations.TestQuoteDashboard" name="test_dashboard_quote_stats" time="0.052" /><testcase classname="backend.tests.test_phase2a_crm_quotations.TestRoleEnforcement" name="test_employee_cannot_create_quote" time="0.113" /><testcase classname="backend.tests.test_phase2a_crm_quotations.TestRoleEnforcement" name="test_employee_cannot_delete_quote" time="0.123" /><testcase classname="backend.tests.test_phase2a_crm_quotations.TestZCleanup" name="test_admin_delete_quote" time="0.290" /><testcase classname="backend.tests.test_phase2a_crm_quotations.TestZCleanup" name="test_admin_delete_contact" time="0.096" /></testsuite></testsuites>