<?xml version="1.0" encoding="utf-8"?><testsuites name="pytest tests"><testsuite name="pytest" errors="0" failures="0" skipped="1" tests="12" time="4.998" timestamp="2026-05-07T12:54:39.904574+00:00" hostname="agent-env-39401cb7-22c2-40a2-b42c-dffc4af804a7"><testcase classname="tests.test_phase2e_dual_channel_otp.TestADeliveryLabel" name="test_label_matrix" time="0.496" /><testcase classname="tests.test_phase2e_dual_channel_otp.TestBBothDisabled" name="test_send_otp_disabled_returns_dev" time="0.859" /><testcase classname="tests.test_phase2e_dual_channel_otp.TestBBothDisabled" name="test_verify_after_dev_send" time="0.341" /><testcase classname="tests.test_phase2e_dual_channel_otp.TestCSmtpOnly" name="test_smtp_enabled_email_error_surfaces" time="0.214" /><testcase classname="tests.test_phase2e_dual_channel_otp.TestDWhatsAppOnly" name="test_wa_enabled_no_template" time="0.201" /><testcase classname="tests.test_phase2e_dual_channel_otp.TestDWhatsAppOnly" name="test_wa_enabled_with_template_bizchat_permissive" time="1.254" /><testcase classname="tests.test_phase2e_dual_channel_otp.TestEBothEnabledMixed" name="test_both_enabled_wa_succeeds_smtp_fails" time="1.124" /><testcase classname="tests.test_phase2e_dual_channel_otp.TestFLoginStart" name="test_known_contact_returns_email_hint" time="0.134" /><testcase classname="tests.test_phase2e_dual_channel_otp.TestFLoginStart" name="test_unknown_phone_no_email_hint" time="0.132" /><testcase classname="tests.test_phase2e_dual_channel_otp.TestFLoginStart" name="test_invalid_phone_400" time="0.065" /><testcase classname="tests.test_phase2e_dual_channel_otp.TestGDevOtpGating" name="test_placeholder" time="0.000"><skipped type="pytest.skip" message="In-process TestClient + motor cross-loop issue; gating is validated end-to-end via TestD/TestE against the live BizChatAPI.">/app/backend/tests/test_phase2e_dual_channel_otp.py:307: In-process TestClient + motor cross-loop issue; gating is validated end-to-end via TestD/TestE against the live BizChatAPI.</skipped></testcase><testcase classname="tests.test_phase2e_dual_channel_otp.TestZCleanup" name="test_restore_settings" time="0.083" /></testsuite></testsuites>