<?xml version="1.0" encoding="utf-8"?><testsuites name="pytest tests"><testsuite name="pytest" errors="0" failures="0" skipped="0" tests="34" time="11.456" timestamp="2026-05-06T11:24:53.731334+00:00" hostname="agent-env-39401cb7-22c2-40a2-b42c-dffc4af804a7"><testcase classname="backend.tests.test_phase2a_crm_quotations.TestContacts" name="test_create_contact" time="1.429" /><testcase classname="backend.tests.test_phase2a_crm_quotations.TestContacts" name="test_upsert_by_email" time="0.187" /><testcase classname="backend.tests.test_phase2a_crm_quotations.TestContacts" name="test_upsert_by_phone" time="0.189" /><testcase classname="backend.tests.test_phase2a_crm_quotations.TestContacts" name="test_search_q" time="0.403" /><testcase classname="backend.tests.test_phase2a_crm_quotations.TestContacts" name="test_search_q_email" time="0.179" /><testcase classname="backend.tests.test_phase2a_crm_quotations.TestContacts" name="test_filter_source" time="0.204" /><testcase classname="backend.tests.test_phase2a_crm_quotations.TestContacts" name="test_get_contact_by_id" time="0.206" /><testcase classname="backend.tests.test_phase2a_crm_quotations.TestContacts" name="test_get_contact_404" time="0.186" /><testcase classname="backend.tests.test_phase2a_crm_quotations.TestContacts" name="test_update_contact" time="0.355" /><testcase classname="backend.tests.test_phase2a_crm_quotations.TestContacts" name="test_employee_cannot_delete_contact" time="0.897" /><testcase classname="backend.tests.test_phase2a_crm_quotations.TestContacts" name="test_employee_can_create_contact" time="0.246" /><testcase classname="backend.tests.test_phase2a_crm_quotations.TestQuoteNumbering" name="test_next_number_preview_format" time="0.218" /><testcase classname="backend.tests.test_phase2a_crm_quotations.TestQuoteNumbering" name="test_create_quote_uses_preview_and_increments" time="0.962" /><testcase classname="backend.tests.test_phase2a_crm_quotations.TestQuoteNumbering" name="test_quote_number_increments_per_fy" time="0.161" /><testcase classname="backend.tests.test_phase2a_crm_quotations.TestQuotationsCRUD" name="test_list_quotations" time="0.199" /><testcase classname="backend.tests.test_phase2a_crm_quotations.TestQuotationsCRUD" name="test_list_filter_status" time="0.177" /><testcase classname="backend.tests.test_phase2a_crm_quotations.TestQuotationsCRUD" name="test_list_filter_contact" time="0.173" /><testcase classname="backend.tests.test_phase2a_crm_quotations.TestQuotationsCRUD" name="test_list_search_q" time="0.165" /><testcase classname="backend.tests.test_phase2a_crm_quotations.TestQuotationsCRUD" name="test_get_quote_by_id" time="0.177" /><testcase classname="backend.tests.test_phase2a_crm_quotations.TestQuotationsCRUD" name="test_get_quote_404" time="0.179" /><testcase classname="backend.tests.test_phase2a_crm_quotations.TestQuotationsCRUD" name="test_update_draft_recalculates" time="0.213" /><testcase classname="backend.tests.test_phase2a_crm_quotations.TestQuoteStatusFlow" name="test_change_status_sent_records_timestamp" time="0.667" /><testcase classname="backend.tests.test_phase2a_crm_quotations.TestQuoteStatusFlow" name="test_change_status_approved_records_timestamp" time="0.159" /><testcase classname="backend.tests.test_phase2a_crm_quotations.TestQuoteStatusFlow" name="test_update_approved_returns_400" time="0.230" /><testcase classname="backend.tests.test_phase2a_crm_quotations.TestQuoteStatusFlow" name="test_invalid_status_returns_400" time="0.351" /><testcase classname="backend.tests.test_phase2a_crm_quotations.TestQuoteStatusFlow" name="test_change_status_rejected_records_timestamp" time="0.133" /><testcase classname="backend.tests.test_phase2a_crm_quotations.TestQuoteStatusFlow" name="test_update_rejected_returns_400" time="0.171" /><testcase classname="backend.tests.test_phase2a_crm_quotations.TestQuoteRevise" name="test_revise_creates_v2" time="0.387" /><testcase classname="backend.tests.test_phase2a_crm_quotations.TestContactQuotations" name="test_contact_quotations_history" time="0.163" /><testcase classname="backend.tests.test_phase2a_crm_quotations.TestQuoteDashboard" name="test_dashboard_quote_stats" time="0.207" /><testcase classname="backend.tests.test_phase2a_crm_quotations.TestRoleEnforcement" name="test_employee_cannot_create_quote" time="0.254" /><testcase classname="backend.tests.test_phase2a_crm_quotations.TestRoleEnforcement" name="test_employee_cannot_delete_quote" time="0.116" /><testcase classname="backend.tests.test_phase2a_crm_quotations.TestZCleanup" name="test_admin_delete_quote" time="1.056" /><testcase classname="backend.tests.test_phase2a_crm_quotations.TestZCleanup" name="test_admin_delete_contact" time="0.381" /></testsuite></testsuites>