<?xml version="1.0" encoding="utf-8"?><testsuites name="pytest tests"><testsuite name="pytest" errors="0" failures="0" skipped="0" tests="29" time="10.333" timestamp="2026-05-06T11:24:38.211782+00:00" hostname="agent-env-39401cb7-22c2-40a2-b42c-dffc4af804a7"><testcase classname="backend.tests.test_phase2bc_dispatch_orders.TestIntegrationsSettings" name="test_get_integrations" time="0.736" /><testcase classname="backend.tests.test_phase2bc_dispatch_orders.TestIntegrationsSettings" name="test_update_integrations_persists" time="0.095" /><testcase classname="backend.tests.test_phase2bc_dispatch_orders.TestQuoteDispatch" name="test_send_quote_graceful_without_creds" time="2.614" /><testcase classname="backend.tests.test_phase2bc_dispatch_orders.TestQuoteDispatch" name="test_pdf_endpoint_returns_file" time="1.434" /><testcase classname="backend.tests.test_phase2bc_dispatch_orders.TestQuoteDispatch" name="test_dispatch_log_and_no_id_leak" time="0.048" /><testcase classname="backend.tests.test_phase2bc_dispatch_orders.TestWebhooks" name="test_email_open_pixel_returns_gif" time="0.189" /><testcase classname="backend.tests.test_phase2bc_dispatch_orders.TestWebhooks" name="test_email_open_with_unknown_token_still_returns_pixel" time="0.143" /><testcase classname="backend.tests.test_phase2bc_dispatch_orders.TestWebhooks" name="test_bizchat_webhook_requires_secret" time="0.385" /><testcase classname="backend.tests.test_phase2bc_dispatch_orders.TestWebhooks" name="test_bizchat_webhook_wrong_secret" time="0.159" /><testcase classname="backend.tests.test_phase2bc_dispatch_orders.TestWebhooks" name="test_bizchat_webhook_get_healthcheck" time="0.116" /><testcase classname="backend.tests.test_phase2bc_dispatch_orders.TestWebhooks" name="test_bizchat_webhook_post_sample_payload" time="1.562" /><testcase classname="backend.tests.test_phase2bc_dispatch_orders.TestOrders" name="test_approve_quote_first" time="0.193" /><testcase classname="backend.tests.test_phase2bc_dispatch_orders.TestOrders" name="test_convert_to_order" time="0.050" /><testcase classname="backend.tests.test_phase2bc_dispatch_orders.TestOrders" name="test_duplicate_convert_rejected" time="0.048" /><testcase classname="backend.tests.test_phase2bc_dispatch_orders.TestOrders" name="test_list_orders" time="0.045" /><testcase classname="backend.tests.test_phase2bc_dispatch_orders.TestOrders" name="test_list_orders_search_filter" time="0.048" /><testcase classname="backend.tests.test_phase2bc_dispatch_orders.TestOrders" name="test_get_order_detail" time="0.049" /><testcase classname="backend.tests.test_phase2bc_dispatch_orders.TestOrders" name="test_advance_stage_po_received" time="0.051" /><testcase classname="backend.tests.test_phase2bc_dispatch_orders.TestOrders" name="test_advance_invalid_stage_rejected" time="0.046" /><testcase classname="backend.tests.test_phase2bc_dispatch_orders.TestOrders" name="test_generate_proforma" time="1.363" /><testcase classname="backend.tests.test_phase2bc_dispatch_orders.TestOrders" name="test_advance_through_production_stages" time="0.346" /><testcase classname="backend.tests.test_phase2bc_dispatch_orders.TestOrders" name="test_production_update_endpoint" time="0.049" /><testcase classname="backend.tests.test_phase2bc_dispatch_orders.TestOrders" name="test_production_update_empty_rejected" time="0.066" /><testcase classname="backend.tests.test_phase2bc_dispatch_orders.TestRegressionPhase1" name="test_materials_list" time="0.053" /><testcase classname="backend.tests.test_phase2bc_dispatch_orders.TestRegressionPhase1" name="test_families_list" time="0.071" /><testcase classname="backend.tests.test_phase2bc_dispatch_orders.TestRegressionPhase1" name="test_variants_list" time="0.056" /><testcase classname="backend.tests.test_phase2bc_dispatch_orders.TestZCleanup" name="test_delete_order" time="0.051" /><testcase classname="backend.tests.test_phase2bc_dispatch_orders.TestZCleanup" name="test_delete_quote" time="0.052" /><testcase classname="backend.tests.test_phase2bc_dispatch_orders.TestZCleanup" name="test_delete_contact" time="0.047" /></testsuite></testsuites>