<?xml version="1.0" encoding="utf-8"?><testsuites name="pytest tests"><testsuite name="pytest" errors="0" failures="0" skipped="1" tests="93" time="23.194" timestamp="2026-05-07T12:54:50.019168+00:00" hostname="agent-env-39401cb7-22c2-40a2-b42c-dffc4af804a7"><testcase classname="tests.test_phase2a_crm_quotations.TestContacts" name="test_create_contact" time="0.700" /><testcase classname="tests.test_phase2a_crm_quotations.TestContacts" name="test_upsert_by_email" time="0.068" /><testcase classname="tests.test_phase2a_crm_quotations.TestContacts" name="test_upsert_by_phone" time="0.070" /><testcase classname="tests.test_phase2a_crm_quotations.TestContacts" name="test_search_q" time="0.069" /><testcase classname="tests.test_phase2a_crm_quotations.TestContacts" name="test_search_q_email" time="0.064" /><testcase classname="tests.test_phase2a_crm_quotations.TestContacts" name="test_filter_source" time="0.079" /><testcase classname="tests.test_phase2a_crm_quotations.TestContacts" name="test_get_contact_by_id" time="0.065" /><testcase classname="tests.test_phase2a_crm_quotations.TestContacts" name="test_get_contact_404" time="0.069" /><testcase classname="tests.test_phase2a_crm_quotations.TestContacts" name="test_update_contact" time="0.142" /><testcase classname="tests.test_phase2a_crm_quotations.TestContacts" name="test_employee_cannot_delete_contact" time="0.850" /><testcase classname="tests.test_phase2a_crm_quotations.TestContacts" name="test_employee_can_create_contact" time="0.203" /><testcase classname="tests.test_phase2a_crm_quotations.TestQuoteNumbering" name="test_next_number_preview_format" time="0.071" /><testcase classname="tests.test_phase2a_crm_quotations.TestQuoteNumbering" name="test_create_quote_uses_preview_and_increments" time="0.309" /><testcase classname="tests.test_phase2a_crm_quotations.TestQuoteNumbering" name="test_quote_number_increments_per_fy" time="0.071" /><testcase classname="tests.test_phase2a_crm_quotations.TestQuotationsCRUD" name="test_list_quotations" time="0.067" /><testcase classname="tests.test_phase2a_crm_quotations.TestQuotationsCRUD" name="test_list_filter_status" time="0.064" /><testcase classname="tests.test_phase2a_crm_quotations.TestQuotationsCRUD" name="test_list_filter_contact" time="0.065" /><testcase classname="tests.test_phase2a_crm_quotations.TestQuotationsCRUD" name="test_list_search_q" time="0.066" /><testcase classname="tests.test_phase2a_crm_quotations.TestQuotationsCRUD" name="test_get_quote_by_id" time="0.066" /><testcase classname="tests.test_phase2a_crm_quotations.TestQuotationsCRUD" name="test_get_quote_404" time="0.070" /><testcase classname="tests.test_phase2a_crm_quotations.TestQuotationsCRUD" name="test_update_draft_recalculates" time="0.068" /><testcase classname="tests.test_phase2a_crm_quotations.TestQuoteStatusFlow" name="test_change_status_sent_records_timestamp" time="0.067" /><testcase classname="tests.test_phase2a_crm_quotations.TestQuoteStatusFlow" name="test_change_status_approved_records_timestamp" time="0.078" /><testcase classname="tests.test_phase2a_crm_quotations.TestQuoteStatusFlow" name="test_update_approved_returns_400" time="0.063" /><testcase classname="tests.test_phase2a_crm_quotations.TestQuoteStatusFlow" name="test_invalid_status_returns_400" time="0.070" /><testcase classname="tests.test_phase2a_crm_quotations.TestQuoteStatusFlow" name="test_change_status_rejected_records_timestamp" time="0.067" /><testcase classname="tests.test_phase2a_crm_quotations.TestQuoteStatusFlow" name="test_update_rejected_returns_400" time="0.066" /><testcase classname="tests.test_phase2a_crm_quotations.TestQuoteRevise" name="test_revise_creates_v2" time="0.131" /><testcase classname="tests.test_phase2a_crm_quotations.TestContactQuotations" name="test_contact_quotations_history" time="0.069" /><testcase classname="tests.test_phase2a_crm_quotations.TestQuoteDashboard" name="test_dashboard_quote_stats" time="0.072" /><testcase classname="tests.test_phase2a_crm_quotations.TestRoleEnforcement" name="test_employee_cannot_create_quote" time="0.128" /><testcase classname="tests.test_phase2a_crm_quotations.TestRoleEnforcement" name="test_employee_cannot_delete_quote" time="0.126" /><testcase classname="tests.test_phase2a_crm_quotations.TestZCleanup" name="test_admin_delete_quote" time="0.402" /><testcase classname="tests.test_phase2a_crm_quotations.TestZCleanup" name="test_admin_delete_contact" time="0.125" /><testcase classname="tests.test_phase2bc_dispatch_orders.TestIntegrationsSettings" name="test_get_integrations" time="0.606" /><testcase classname="tests.test_phase2bc_dispatch_orders.TestIntegrationsSettings" name="test_update_integrations_persists" time="0.145" /><testcase classname="tests.test_phase2bc_dispatch_orders.TestQuoteDispatch" name="test_send_quote_graceful_without_creds" time="2.744" /><testcase classname="tests.test_phase2bc_dispatch_orders.TestQuoteDispatch" name="test_pdf_endpoint_returns_file" time="1.502" /><testcase classname="tests.test_phase2bc_dispatch_orders.TestQuoteDispatch" name="test_dispatch_log_and_no_id_leak" time="0.067" /><testcase classname="tests.test_phase2bc_dispatch_orders.TestWebhooks" name="test_email_open_pixel_returns_gif" time="0.141" /><testcase classname="tests.test_phase2bc_dispatch_orders.TestWebhooks" name="test_email_open_with_unknown_token_still_returns_pixel" time="0.128" /><testcase classname="tests.test_phase2bc_dispatch_orders.TestWebhooks" name="test_bizchat_webhook_requires_secret" time="0.150" /><testcase classname="tests.test_phase2bc_dispatch_orders.TestWebhooks" name="test_bizchat_webhook_wrong_secret" time="0.146" /><testcase classname="tests.test_phase2bc_dispatch_orders.TestWebhooks" name="test_bizchat_webhook_get_healthcheck" time="0.222" /><testcase classname="tests.test_phase2bc_dispatch_orders.TestWebhooks" name="test_bizchat_webhook_post_sample_payload" time="0.134" /><testcase classname="tests.test_phase2bc_dispatch_orders.TestOrders" name="test_approve_quote_first" time="0.068" /><testcase classname="tests.test_phase2bc_dispatch_orders.TestOrders" name="test_convert_to_order" time="0.095" /><testcase classname="tests.test_phase2bc_dispatch_orders.TestOrders" name="test_duplicate_convert_rejected" time="0.069" /><testcase classname="tests.test_phase2bc_dispatch_orders.TestOrders" name="test_list_orders" time="0.066" /><testcase classname="tests.test_phase2bc_dispatch_orders.TestOrders" name="test_list_orders_search_filter" time="0.072" /><testcase classname="tests.test_phase2bc_dispatch_orders.TestOrders" name="test_get_order_detail" time="0.067" /><testcase classname="tests.test_phase2bc_dispatch_orders.TestOrders" name="test_advance_stage_po_received" time="0.068" /><testcase classname="tests.test_phase2bc_dispatch_orders.TestOrders" name="test_advance_invalid_stage_rejected" time="0.068" /><testcase classname="tests.test_phase2bc_dispatch_orders.TestOrders" name="test_generate_proforma" time="1.367" /><testcase classname="tests.test_phase2bc_dispatch_orders.TestOrders" name="test_advance_through_production_stages" time="0.511" /><testcase classname="tests.test_phase2bc_dispatch_orders.TestOrders" name="test_production_update_endpoint" time="0.069" /><testcase classname="tests.test_phase2bc_dispatch_orders.TestOrders" name="test_production_update_empty_rejected" time="0.067" /><testcase classname="tests.test_phase2bc_dispatch_orders.TestRegressionPhase1" name="test_materials_list" time="0.070" /><testcase classname="tests.test_phase2bc_dispatch_orders.TestRegressionPhase1" name="test_families_list" time="0.067" /><testcase classname="tests.test_phase2bc_dispatch_orders.TestRegressionPhase1" name="test_variants_list" time="0.078" /><testcase classname="tests.test_phase2bc_dispatch_orders.TestZCleanup" name="test_delete_order" time="0.067" /><testcase classname="tests.test_phase2bc_dispatch_orders.TestZCleanup" name="test_delete_quote" time="0.067" /><testcase classname="tests.test_phase2bc_dispatch_orders.TestZCleanup" name="test_delete_contact" time="0.068" /><testcase classname="tests.test_phase2d_customer_po_submit.TestADraftQuoteRejected" name="test_login_and_get_token" time="1.314" /><testcase classname="tests.test_phase2d_customer_po_submit.TestADraftQuoteRejected" name="test_submit_po_against_draft_quote_400" time="0.130" /><testcase classname="tests.test_phase2d_customer_po_submit.TestBPromoteQuoteToSent" name="test_send_quote" time="1.484" /><testcase classname="tests.test_phase2d_customer_po_submit.TestCAuthAndValidation" name="test_invalid_token_401" time="0.142" /><testcase classname="tests.test_phase2d_customer_po_submit.TestCAuthAndValidation" name="test_missing_token_422" time="0.131" /><testcase classname="tests.test_phase2d_customer_po_submit.TestCAuthAndValidation" name="test_forged_token_403" time="0.139" /><testcase classname="tests.test_phase2d_customer_po_submit.TestCAuthAndValidation" name="test_both_empty_400" time="0.125" /><testcase classname="tests.test_phase2d_customer_po_submit.TestDInstructionsOnly" name="test_instructions_only_creates_order_in_pending_po" time="0.132" /><testcase classname="tests.test_phase2d_customer_po_submit.TestDInstructionsOnly" name="test_admin_can_see_order_with_customer_po_flag" time="0.066" /><testcase classname="tests.test_phase2d_customer_po_submit.TestEIdempotency" name="test_second_submit_attaches_to_same_order" time="0.128" /><testcase classname="tests.test_phase2d_customer_po_submit.TestFPdfWithInstructions" name="test_pdf_file_uploaded_and_recorded" time="0.133" /><testcase classname="tests.test_phase2d_customer_po_submit.TestFPdfWithInstructions" name="test_admin_sees_pdf_metadata" time="0.065" /><testcase classname="tests.test_phase2d_customer_po_submit.TestGPublicSummary" name="test_my_quotes_carries_order_summary" time="0.134" /><testcase classname="tests.test_phase2d_customer_po_submit.TestHIntegrationsExtraFields" name="test_put_persists_new_fields" time="0.214" /><testcase classname="tests.test_phase2d_customer_po_submit.TestIGracefulNotification" name="test_submit_po_returns_admin_notified_false_no_500" time="0.151" /><testcase classname="tests.test_phase2d_customer_po_submit.TestZCleanup" name="test_delete_order" time="0.060" /><testcase classname="tests.test_phase2d_customer_po_submit.TestZCleanup" name="test_delete_quote" time="0.062" /><testcase classname="tests.test_phase2d_customer_po_submit.TestZCleanup" name="test_delete_contacts" time="0.127" /><testcase classname="tests.test_phase2e_dual_channel_otp.TestADeliveryLabel" name="test_label_matrix" time="0.479" /><testcase classname="tests.test_phase2e_dual_channel_otp.TestBBothDisabled" name="test_send_otp_disabled_returns_dev" time="0.722" /><testcase classname="tests.test_phase2e_dual_channel_otp.TestBBothDisabled" name="test_verify_after_dev_send" time="0.270" /><testcase classname="tests.test_phase2e_dual_channel_otp.TestCSmtpOnly" name="test_smtp_enabled_email_error_surfaces" time="0.201" /><testcase classname="tests.test_phase2e_dual_channel_otp.TestDWhatsAppOnly" name="test_wa_enabled_no_template" time="0.186" /><testcase classname="tests.test_phase2e_dual_channel_otp.TestDWhatsAppOnly" name="test_wa_enabled_with_template_bizchat_permissive" time="1.139" /><testcase classname="tests.test_phase2e_dual_channel_otp.TestEBothEnabledMixed" name="test_both_enabled_wa_succeeds_smtp_fails" time="1.181" /><testcase classname="tests.test_phase2e_dual_channel_otp.TestFLoginStart" name="test_known_contact_returns_email_hint" time="0.133" /><testcase classname="tests.test_phase2e_dual_channel_otp.TestFLoginStart" name="test_unknown_phone_no_email_hint" time="0.142" /><testcase classname="tests.test_phase2e_dual_channel_otp.TestFLoginStart" name="test_invalid_phone_400" time="0.063" /><testcase classname="tests.test_phase2e_dual_channel_otp.TestGDevOtpGating" name="test_placeholder" time="0.000"><skipped type="pytest.skip" message="In-process TestClient + motor cross-loop issue; gating is validated end-to-end via TestD/TestE against the live BizChatAPI.">/app/backend/tests/test_phase2e_dual_channel_otp.py:307: In-process TestClient + motor cross-loop issue; gating is validated end-to-end via TestD/TestE against the live BizChatAPI.</skipped></testcase><testcase classname="tests.test_phase2e_dual_channel_otp.TestZCleanup" name="test_restore_settings" time="0.067" /></testsuite></testsuites>