<?xml version="1.0" encoding="utf-8"?><testsuites name="pytest tests"><testsuite name="pytest" errors="0" failures="0" skipped="0" tests="18" time="7.507" timestamp="2026-05-06T11:58:28.535083+00:00" hostname="agent-env-39401cb7-22c2-40a2-b42c-dffc4af804a7"><testcase classname="backend.tests.test_phase2d_customer_po_submit.TestADraftQuoteRejected" name="test_login_and_get_token" time="1.984" /><testcase classname="backend.tests.test_phase2d_customer_po_submit.TestADraftQuoteRejected" name="test_submit_po_against_draft_quote_400" time="0.150" /><testcase classname="backend.tests.test_phase2d_customer_po_submit.TestBPromoteQuoteToSent" name="test_send_quote" time="2.012" /><testcase classname="backend.tests.test_phase2d_customer_po_submit.TestCAuthAndValidation" name="test_invalid_token_401" time="0.281" /><testcase classname="backend.tests.test_phase2d_customer_po_submit.TestCAuthAndValidation" name="test_missing_token_422" time="0.570" /><testcase classname="backend.tests.test_phase2d_customer_po_submit.TestCAuthAndValidation" name="test_forged_token_403" time="0.206" /><testcase classname="backend.tests.test_phase2d_customer_po_submit.TestCAuthAndValidation" name="test_both_empty_400" time="0.225" /><testcase classname="backend.tests.test_phase2d_customer_po_submit.TestDInstructionsOnly" name="test_instructions_only_creates_order_in_pending_po" time="0.118" /><testcase classname="backend.tests.test_phase2d_customer_po_submit.TestDInstructionsOnly" name="test_admin_can_see_order_with_customer_po_flag" time="0.096" /><testcase classname="backend.tests.test_phase2d_customer_po_submit.TestEIdempotency" name="test_second_submit_attaches_to_same_order" time="0.260" /><testcase classname="backend.tests.test_phase2d_customer_po_submit.TestFPdfWithInstructions" name="test_pdf_file_uploaded_and_recorded" time="0.173" /><testcase classname="backend.tests.test_phase2d_customer_po_submit.TestFPdfWithInstructions" name="test_admin_sees_pdf_metadata" time="0.134" /><testcase classname="backend.tests.test_phase2d_customer_po_submit.TestGPublicSummary" name="test_my_quotes_carries_order_summary" time="0.218" /><testcase classname="backend.tests.test_phase2d_customer_po_submit.TestHIntegrationsExtraFields" name="test_put_persists_new_fields" time="0.376" /><testcase classname="backend.tests.test_phase2d_customer_po_submit.TestIGracefulNotification" name="test_submit_po_returns_admin_notified_false_no_500" time="0.159" /><testcase classname="backend.tests.test_phase2d_customer_po_submit.TestZCleanup" name="test_delete_order" time="0.115" /><testcase classname="backend.tests.test_phase2d_customer_po_submit.TestZCleanup" name="test_delete_quote" time="0.103" /><testcase classname="backend.tests.test_phase2d_customer_po_submit.TestZCleanup" name="test_delete_contacts" time="0.220" /></testsuite></testsuites>