<?xml version="1.0" encoding="utf-8"?><testsuites name="pytest tests"><testsuite name="pytest" errors="0" failures="2" skipped="2" tests="30" time="3.848" timestamp="2026-04-27T04:28:07.482178+00:00" hostname="agent-env-52c7462f-54bc-4afb-b84a-b1672756369f"><testcase classname="backend.tests.test_hre_crm_backend.TestAuth" name="test_login_success" time="0.398" /><testcase classname="backend.tests.test_hre_crm_backend.TestAuth" name="test_login_wrong_password" time="0.324" /><testcase classname="backend.tests.test_hre_crm_backend.TestAuth" name="test_me_with_token" time="0.439" /><testcase classname="backend.tests.test_hre_crm_backend.TestAuth" name="test_me_without_token" time="0.114" /><testcase classname="backend.tests.test_hre_crm_backend.TestMaterials" name="test_list_materials_seeded" time="0.044" /><testcase classname="backend.tests.test_hre_crm_backend.TestMaterials" name="test_create_update_delete_material" time="0.269" /><testcase classname="backend.tests.test_hre_crm_backend.TestMaterials" name="test_employee_cannot_create_material" time="0.392"><skipped type="pytest.skip" message="Cannot create employee user: {&quot;detail&quot;:&quot;Invalid credentials&quot;}&#10;assert 401 == 200&#10; +  where 401 = &lt;Response [401]&gt;.status_code">/app/backend/tests/test_hre_crm_backend.py:150: Cannot create employee user: {"detail":"Invalid credentials"}
assert 401 == 200
 +  where 401 = &lt;Response [401]&gt;.status_code</skipped></testcase><testcase classname="backend.tests.test_hre_crm_backend.TestCategories" name="test_list_categories_seeded" time="0.055" /><testcase classname="backend.tests.test_hre_crm_backend.TestCategories" name="test_create_update_delete_category" time="0.147" /><testcase classname="backend.tests.test_hre_crm_backend.TestProductFamilies" name="test_list_families_seeded" time="0.045" /><testcase classname="backend.tests.test_hre_crm_backend.TestProductFamilies" name="test_create_update_delete_family" time="0.092" /><testcase classname="backend.tests.test_hre_crm_backend.TestProductFamilies" name="test_upload_main_image" time="0.113" /><testcase classname="backend.tests.test_hre_crm_backend.TestProductFamilies" name="test_upload_dimension_drawing" time="0.109" /><testcase classname="backend.tests.test_hre_crm_backend.TestProductFamilies" name="test_upload_invalid_extension" time="0.104" /><testcase classname="backend.tests.test_hre_crm_backend.TestProductFamilies" name="test_delete_test_family" time="0.050" /><testcase classname="backend.tests.test_hre_crm_backend.TestProductVariants" name="test_list_variants_seeded" time="0.054" /><testcase classname="backend.tests.test_hre_crm_backend.TestProductVariants" name="test_filter_by_material" time="0.047" /><testcase classname="backend.tests.test_hre_crm_backend.TestProductVariants" name="test_filter_by_q" time="0.045" /><testcase classname="backend.tests.test_hre_crm_backend.TestProductVariants" name="test_create_variant_records_history" time="0.190"><failure message="assert 0 &gt;= 1&#10; +  where 0 = len([])">E   assert 0 &gt;= 1
     +  where 0 = len([])</failure></testcase><testcase classname="backend.tests.test_hre_crm_backend.TestProductVariants" name="test_update_variant_price_history" time="0.138"><failure message="AssertionError: assert 1 &gt;= 2&#10; +  where 1 = len([{'change_reason': 'Variant updated', 'changed_at': '2026-04-27T04:28:10.699025+00:00', 'changed_by': 'admin@hrexporter.com', 'id': 'ee2ae487-e5a9-46ea-a5d4-4bbf0509dcc4', ...}])">E   AssertionError: assert 1 &gt;= 2
     +  where 1 = len([{'change_reason': 'Variant updated', 'changed_at': '2026-04-27T04:28:10.699025+00:00', 'changed_by': 'admin@hrexporter.com', 'id': 'ee2ae487-e5a9-46ea-a5d4-4bbf0509dcc4', ...}])</failure></testcase><testcase classname="backend.tests.test_hre_crm_backend.TestProductVariants" name="test_manual_price_override" time="0.092" /><testcase classname="backend.tests.test_hre_crm_backend.TestProductVariants" name="test_delete_test_variant" time="0.046" /><testcase classname="backend.tests.test_hre_crm_backend.TestBulkDiscount" name="test_bulk_discount_preview_material" time="0.045" /><testcase classname="backend.tests.test_hre_crm_backend.TestBulkDiscount" name="test_bulk_discount_preview_invalid_scope" time="0.043" /><testcase classname="backend.tests.test_hre_crm_backend.TestBulkDiscount" name="test_bulk_discount_material_apply" time="0.092" /><testcase classname="backend.tests.test_hre_crm_backend.TestBulkDiscount" name="test_bulk_discount_category" time="0.049" /><testcase classname="backend.tests.test_hre_crm_backend.TestBulkDiscount" name="test_bulk_discount_family" time="0.102" /><testcase classname="backend.tests.test_hre_crm_backend.TestBulkDiscount" name="test_employee_cannot_bulk_discount" time="0.001"><skipped type="pytest.skip" message="Cannot create employee user: {&quot;detail&quot;:&quot;Invalid credentials&quot;}&#10;assert 401 == 200&#10; +  where 401 = &lt;Response [401]&gt;.status_code">/app/backend/tests/test_hre_crm_backend.py:409: Cannot create employee user: {"detail":"Invalid credentials"}
assert 401 == 200
 +  where 401 = &lt;Response [401]&gt;.status_code</skipped></testcase><testcase classname="backend.tests.test_hre_crm_backend.TestDashboard" name="test_dashboard_stats" time="0.049" /><testcase classname="backend.tests.test_hre_crm_backend.TestDashboard" name="test_price_history_global" time="0.046" /></testsuite></testsuites>